
                         MODELLER 10.6, 2024/10/17, r12888

     PROTEIN STRUCTURE MODELLING BY SATISFACTION OF SPATIAL RESTRAINTS


                     Copyright(c) 1989-2024 Andrej Sali
                            All Rights Reserved

                             Written by A. Sali
                               with help from
              B. Webb, M.S. Madhusudhan, M-Y. Shen, G.Q. Dong,
          M.A. Marti-Renom, N. Eswar, F. Alber, M. Topf, B. Oliva,
             A. Fiser, R. Sanchez, B. Yerkovich, A. Badretdinov,
                     F. Melo, J.P. Overington, E. Feyfant
                 University of California, San Francisco, USA
                    Rockefeller University, New York, USA
                      Harvard University, Cambridge, USA
                   Imperial Cancer Research Fund, London, UK
              Birkbeck College, University of London, London, UK


Kind, OS, HostName, Kernel, Processor: 4, Windows 8 build 9200, LAPTOP-19NSVRQG, SMP, x64
Date and time of compilation         : 2024/10/17 20:35:41
MODELLER executable type             : x86_64-w64
Job starting time (YY/MM/DD HH:MM:SS): 2024/12/13 13:10:14

openf___224_> Open           $(LIB)/restyp.lib
openf___224_> Open           ${MODINSTALL10v6}/modlib/resgrp.lib
rdresgr_266_> Number of residue groups:        2
openf___224_> Open           ${MODINSTALL10v6}/modlib/sstruc.lib

Dynamically allocated memory at   amaxlibraries [B,KiB,MiB]:       191566     187.076     0.183

Dynamically allocated memory at   amaxlibraries [B,KiB,MiB]:       192094     187.592     0.183
openf___224_> Open           ${MODINSTALL10v6}/modlib/resdih.lib

Dynamically allocated memory at   amaxlibraries [B,KiB,MiB]:       240694     235.053     0.230
rdrdih__263_> Number of dihedral angle types         :        9
              Maximal number of dihedral angle optima:        3
              Dihedral angle names                   :  Alph Phi Psi Omeg chi1 chi2 chi3 chi4 chi5
openf___224_> Open           ${MODINSTALL10v6}/modlib/radii.lib

Dynamically allocated memory at   amaxlibraries [B,KiB,MiB]:       253994     248.041     0.242
openf___224_> Open           ${MODINSTALL10v6}/modlib/af_mnchdef.lib
rdwilmo_274_> Mainchain residue conformation classes:  APBLE
openf___224_> Open           ${MODINSTALL10v6}/modlib/mnch.lib
rdclass_257_> Number of classes:        5
openf___224_> Open           ${MODINSTALL10v6}/modlib/mnch1.lib
openf___224_> Open           ${MODINSTALL10v6}/modlib/mnch2.lib
openf___224_> Open           ${MODINSTALL10v6}/modlib/mnch3.lib
openf___224_> Open           ${MODINSTALL10v6}/modlib/xs4.mat
rdrrwgh_268_> Number of residue types:       21
openf___224_> Open           pdb_95.pir

Dynamically allocated memory at amaxsequence_db [B,KiB,MiB]:       298808     291.805     0.285

Dynamically allocated memory at amaxsequence_db [B,KiB,MiB]:       885942     865.178     0.845

Dynamically allocated memory at   amaxalignment [B,KiB,MiB]:       888184     867.367     0.847

Dynamically allocated memory at   amaxalignment [B,KiB,MiB]:       889634     868.783     0.848

Dynamically allocated memory at   amaxalignment [B,KiB,MiB]:       892534     871.615     0.851

Dynamically allocated memory at amaxsequence_db [B,KiB,MiB]:      3108333    3035.481     2.964

Dynamically allocated memory at   amaxalignment [B,KiB,MiB]:      3114133    3041.146     2.970

Dynamically allocated memory at   amaxalignment [B,KiB,MiB]:      3125733    3052.474     2.981

Dynamically allocated memory at   amaxalignment [B,KiB,MiB]:      3148933    3075.130     3.003

Dynamically allocated memory at amaxsequence_db [B,KiB,MiB]:      4256833    4157.063     4.060

SEQ_DATABASE_FILE         : pdb_95.pir
SEQ_DATABASE_FORMAT       : PIR
CHAINS_LIST               : ALL
CLEAN_SEQUENCES           :            T
MINMAX_DB_SEQ_LEN         :           30        4000
Number of sequences       :        11079
Number of residues        :      2436254
Length of longest sequence:         1491


SEQ_DATABASE_FILE         : pdb_95.bin
SEQ_DATABASE_FORMAT       : BINARY
SEARCH_CHAINS_LIST        : ALL
Number of sequences       :        11079
Number of residues        :      2436254
Length of longest sequence:         1491


SEQ_DATABASE_FILE         : pdb_95.bin
SEQ_DATABASE_FORMAT       : BINARY
CHAINS_LIST               : ALL
CLEAN_SEQUENCES           :            T
MINMAX_DB_SEQ_LEN         :            0      999999
Number of sequences       :        11079
Number of residues        :      2436254
Length of longest sequence:         1491

openf___224_> Open           querysequence.ali

Dynamically allocated memory at   amaxalignment [B,KiB,MiB]:       301128     294.070     0.287

Dynamically allocated memory at   amaxalignment [B,KiB,MiB]:       302578     295.486     0.289

Dynamically allocated memory at   amaxalignment [B,KiB,MiB]:       305478     298.318     0.291

Dynamically allocated memory at   amaxalignment [B,KiB,MiB]:       311278     303.982     0.297

Dynamically allocated memory at    amaxsequence [B,KiB,MiB]:       312090     304.775     0.298

Read the alignment from file       : querysequence.ali

Total number of alignment positions:   204

  #  Code        #_Res #_Segm PDB_code    Name
-------------------------------------------------------------------------------
  1  querysequ     204      1 querysequen

Dynamically allocated memory at     amaxprofile [B,KiB,MiB]:       313239     305.897     0.299
openf___224_> Open           ${LIB}/blosum62.sim.mat
rdrrwgh_268_> Number of residue types:       21

Dynamically allocated memory at amaxsequence_db [B,KiB,MiB]:       589709     575.888     0.562
profile_iteration_> processing sequence:       1    204      1     0.0000000     0.0000000     0.0000000     1

Dynamically allocated memory at amaxsequence_db [B,KiB,MiB]:       599006     584.967     0.571
profile_iteration_> processing sequence:    1109    204      1     0.2343750     0.0002113     0.0000010  1109

Dynamically allocated memory at amaxsequence_db [B,KiB,MiB]:       606794     592.572     0.579
profile_iteration_> processing sequence:    2217    204      1     0.4687500     0.0002114     0.0000010  2217
profile_iteration_> processing sequence:    3325    204      1     0.7187500     0.0002162     0.0000010  3325
profile_iteration_> processing sequence:    4433    204      1     0.8593750     0.0001939     0.0000009  4433
profile_iteration_> processing sequence:    5541    204      1     0.9687500     0.0001748     0.0000008  5541
profile_iteration_> processing sequence:    6649    204      1     1.0312500     0.0001551     0.0000007  6448
profile_iteration_> processing sequence:    7757    204      1     1.1406250     0.0001470     0.0000007  6801
profile_iteration_> processing sequence:    8865    204      1     1.2187500     0.0001375     0.0000006  7274
profile_iteration_> processing sequence:    9973    204      1     1.2968750     0.0001300     0.0000006  7690
 AVERAGE RESIDUAL STANDARD ERROR:    33.44781
 AVERAGE RESIDUAL STANDARD DEVIATION:    255.9011
profile_660_> Quality of the fit between observed/expected score distributions.
              [Iteration, Chi2, nbins, KS-Stat, nscores ] =        1,        0.0578,      121,        0.0181,    11079

HISTOGRAM OF Z-SCORES:

Z:         1  -3.95000   0.00000   0.00000
Z:         1  -3.85000   0.00000   0.00000
Z:         1  -3.75000   0.00000   0.00000
Z:         1  -3.65000   0.00000   0.00000
Z:         1  -3.55000   0.00000   0.00000
Z:         1  -3.45000   0.00000   0.00000
Z:         1  -3.35000   0.00000   0.00000
Z:         1  -3.25000   0.00000   0.00000
Z:         1  -3.15000   0.00000   0.00000
Z:         1  -3.05000   0.00000   0.00000
Z:         1  -2.95000   0.00000   0.00000
Z:         1  -2.85000   0.00000   0.00000
Z:         1  -2.75000   0.00000   0.00000
Z:         1  -2.65000   0.00000   0.00000
Z:         1  -2.55000   0.00000   0.00001
Z:         1  -2.45000   0.00000   0.00004
Z:         1  -2.35000   0.00000   0.00016
Z:         1  -2.25000   0.00000   0.00055
Z:         1  -2.15000   0.00361   0.00163
Z:         1  -2.05000   0.00451   0.00416
Z:         1  -1.95000   0.00361   0.00933
Z:         1  -1.85000   0.01895   0.01872
Z:         1  -1.75000   0.02527   0.03400
Z:         1  -1.65000   0.03881   0.05658
Z:         1  -1.55000   0.07131   0.08721
Z:         1  -1.45000   0.11192   0.12565
Z:         1  -1.35000   0.15435   0.17059
Z:         1  -1.25000   0.21121   0.21981
Z:         1  -1.15000   0.26266   0.27052
Z:         1  -1.05000   0.28432   0.31973
Z:         1  -0.95000   0.33487   0.36469
Z:         1  -0.85000   0.40888   0.40316
Z:         1  -0.75000   0.45491   0.43360
Z:         1  -0.65000   0.49102   0.45519
Z:         1  -0.55000   0.45853   0.46779
Z:         1  -0.45000   0.45582   0.47182
Z:         1  -0.35000   0.49463   0.46811
Z:         1  -0.25000   0.45401   0.45775
Z:         1  -0.15000   0.45130   0.44196
Z:         1  -0.05000   0.46214   0.42194
Z:         1   0.05000   0.37368   0.39889
Z:         1   0.15000   0.36736   0.37383
Z:         1   0.25000   0.32674   0.34769
Z:         1   0.35000   0.32855   0.32121
Z:         1   0.45000   0.29515   0.29500
Z:         1   0.55000   0.26717   0.26953
Z:         1   0.65000   0.25724   0.24513
Z:         1   0.75000   0.22385   0.22205
Z:         1   0.85000   0.17150   0.20043
Z:         1   0.95000   0.19226   0.18036
Z:         1   1.05000   0.17330   0.16185
Z:         1   1.15000   0.14261   0.14489
Z:         1   1.25000   0.11463   0.12944
Z:         1   1.35000   0.11824   0.11542
Z:         1   1.45000   0.11914   0.10275
Z:         1   1.55000   0.08485   0.09133
Z:         1   1.65000   0.09026   0.08109
Z:         1   1.75000   0.08936   0.07191
Z:         1   1.85000   0.05145   0.06371
Z:         1   1.95000   0.06950   0.05639
Z:         1   2.05000   0.05235   0.04988
Z:         1   2.15000   0.04242   0.04409
Z:         1   2.25000   0.04152   0.03895
Z:         1   2.35000   0.04062   0.03439
Z:         1   2.45000   0.03520   0.03035
Z:         1   2.55000   0.02979   0.02678
Z:         1   2.65000   0.02708   0.02361
Z:         1   2.75000   0.02076   0.02082
Z:         1   2.85000   0.01805   0.01835
Z:         1   2.95000   0.02076   0.01617
Z:         1   3.05000   0.01715   0.01424
Z:         1   3.15000   0.01083   0.01255
Z:         1   3.25000   0.01715   0.01105
Z:         1   3.35000   0.01083   0.00973
Z:         1   3.45000   0.00993   0.00857
Z:         1   3.55000   0.00812   0.00754
Z:         1   3.65000   0.00812   0.00664
Z:         1   3.75000   0.00181   0.00584
Z:         1   3.85000   0.00812   0.00514
Z:         1   3.95000   0.00542   0.00453
Z:         1   4.05000   0.01173   0.00398
Z:         1   4.15000   0.00181   0.00350
Z:         1   4.25000   0.00542   0.00308
Z:         1   4.35000   0.00632   0.00271
Z:         1   4.45000   0.00451   0.00239
Z:         1   4.55000   0.00181   0.00210
Z:         1   4.65000   0.00271   0.00185
Z:         1   4.75000   0.00090   0.00163
Z:         1   4.85000   0.00361   0.00143
Z:         1   4.95000   0.00090   0.00126
Z:         1   5.05000   0.00271   0.00111
Z:         1   5.15000   0.00090   0.00097
Z:         1   5.25000   0.00271   0.00086
Z:         1   5.35000   0.00181   0.00075
Z:         1   5.45000   0.00090   0.00066
Z:         1   5.55000   0.00181   0.00058
Z:         1   5.65000   0.00181   0.00051
Z:         1   5.75000   0.00090   0.00045
Z:         1   5.85000   0.00090   0.00040
Z:         1   5.95000   0.00000   0.00035
Z:         1   6.05000   0.00090   0.00031
Z:         1   6.15000   0.00000   0.00027
Z:         1   6.25000   0.00000   0.00024
Z:         1   6.35000   0.00090   0.00021
Z:         1   6.45000   0.00181   0.00018
Z:         1   6.55000   0.00000   0.00016
Z:         1   6.65000   0.00000   0.00014
Z:         1   6.75000   0.00000   0.00013
Z:         1   6.85000   0.00000   0.00011
Z:         1   6.95000   0.00000   0.00010
Z:         1   7.05000   0.00000   0.00009
Z:         1   7.15000   0.00000   0.00007
Z:         1   7.25000   0.00000   0.00007
Z:         1   7.35000   0.00000   0.00006
Z:         1   7.45000   0.00000   0.00005
Z:         1   7.55000   0.00000   0.00004
Z:         1   7.65000   0.00000   0.00004
Z:         1   7.75000   0.00000   0.00003
Z:         1   7.85000   0.00000   0.00003
Z:         1   7.95000   0.00000   0.00003
Z:         1   8.05000   0.00181   0.00002

HITS FOUND IN ITERATION:     1


profile_iteration__> Weight Matrix           [sec]:     0.000000
profile_iteration__> Score Collection        [sec]:     1.406250
profile_iteration__> Score Collection/Seq    [sec]:     0.000127
profile_iteration__> DP Steps per sec    [ali/sec]:  7878.399902
profile_iteration__> Statistics              [sec]:     0.000000
profile_iteration__> Add to profile          [sec]:     0.000000
profile_iteration__> Overall performance    [/seq]:     0.000127
profile_iteration__> Overall performance [seq/sec]:  7878.399902
openf___224_> Open           build_profile.prf

Dynamically allocated memory at   amaxalignment [B,KiB,MiB]:       320107     312.604     0.305

Dynamically allocated memory at    amaxsequence [B,KiB,MiB]:       320919     313.397     0.306
openf___224_> Open           build_profile.ali

Dynamically allocated memory at          finish [B,KiB,MiB]:       307555     300.347     0.293
Starting time                                            : 2024/12/13 13:10:14
Closing time                                             : 2024/12/13 13:10:18
Total CPU time [seconds]                                 :       1.80
