
                         MODELLER 10.6, 2024/10/17, r12888

     PROTEIN STRUCTURE MODELLING BY SATISFACTION OF SPATIAL RESTRAINTS


                     Copyright(c) 1989-2024 Andrej Sali
                            All Rights Reserved

                             Written by A. Sali
                               with help from
              B. Webb, M.S. Madhusudhan, M-Y. Shen, G.Q. Dong,
          M.A. Marti-Renom, N. Eswar, F. Alber, M. Topf, B. Oliva,
             A. Fiser, R. Sanchez, B. Yerkovich, A. Badretdinov,
                     F. Melo, J.P. Overington, E. Feyfant
                 University of California, San Francisco, USA
                    Rockefeller University, New York, USA
                      Harvard University, Cambridge, USA
                   Imperial Cancer Research Fund, London, UK
              Birkbeck College, University of London, London, UK


Kind, OS, HostName, Kernel, Processor: 4, Windows 8 build 9200, LAPTOP-19NSVRQG, SMP, x64
Date and time of compilation         : 2024/10/17 20:35:41
MODELLER executable type             : x86_64-w64
Job starting time (YY/MM/DD HH:MM:SS): 2024/12/13 13:10:46


Multiple dynamic programming alignment (MALIGN):
  Residue-residue metric  : $(LIB)/as1.sim.mat
  ALIGN_BLOCK             :            1
  Gap introduction penalty:    -900.0000
  Gap extension penalty   :     -50.0000
  Length of alignment     :          180
# Sequence alignment of the structurally conserved regions
# [average distance and standard deviation are with respect
#  to the framework (i.e., average structure)]
#
#  N av ds st dv   2edmA  2ed6A  5hljA  
# ======================================
   1 1.605 0.597   Y  46  D  49  S  46  
# ======================================
   2 1.743 0.358   Q  48  N  51  I  48  
   3 1.788 0.380   M  49  L  52  I  49  
   4 1.221 0.597   M  50  R  53  N  50  
   5 1.439 0.199   R  51  I  54  L  51  
   6 1.196 0.406   V  52  P  55  T  52  
   7 1.258 0.477   P  53  V  56  I  53  
   8 0.912 0.308   I  54  T  57  N  54  
# ======================================
   9 1.707 0.296   R  56  E  59  G  55  
# ======================================
  10 1.685 0.661   V  60  S  62  R  58  
# ======================================
  11 1.532 0.730   M  61  Y  64  H  61  
# ======================================
  12 1.019 0.153   S  62  K  66  N  63  
  13 1.034 0.319   I  63  M  67  F  64  
# ======================================
  14 1.171 0.429   E  66  T  68  N  66  
# ======================================
  15 1.407 0.164   R  67  V  70  G  67  
  16 1.141 0.485   S  68  S  71  T  68  
  17 1.146 0.407   Y  69  F  72  L  69  
  18 1.322 0.529   N  70  D  73  Q  70  
  19 1.161 0.363   T  71  S  74  T  71  
# ======================================
  20 1.286 0.322   P  72  T  76  N  73  
  21 1.151 0.276   L  73  L  77  Y  74  
  22 1.316 0.175 * G  74  G  78  G  75  
  23 1.232 0.433 * K  75  K  79  K  76  
  24 1.083 0.349   V  76  I  80  V  77  
  25 1.077 0.341   A  77  K  81  Y  78  
  26 1.104 0.351   M  78  I  82  V  79  
# ======================================
  27 0.840 0.276   L  82  G  85  T  84  
# ======================================
  28 0.817 0.428   D  84  S  87  S  85  
# ======================================
  29 1.609 0.294   K  85  Q  90  S  87  
# ======================================
  30 1.215 0.012   K  88  M  91  V  90  
# ======================================
  31 1.205 0.138   D  93  A  96  D  95  
# ======================================
  32 1.205 0.252   L  94  L  98  I  96  
  33 1.159 0.382   V  95  V  99  I  97  
  34 1.049 0.332   I  96  I 100  L  98  
  35 1.137 0.543   S  97  T 101  T  99  
  36 1.038 0.263   T  98  P 102  S 100  
# ======================================
  37 1.420 0.228   V  99  E 104  L 102  
# ======================================
  38 1.137 0.120   P 106  E 109  V 111  
# ======================================
  39 1.407 0.405   A 111  Q 114  E 115  
# ======================================
  40 1.385 0.354   E 112  L 116  K 117  
  41 1.547 0.295   N 113  T 117  E 118  
  42 1.645 0.327   S 114  F 118  L 119  
# ======================================
  43 1.504 0.677   M 116  E 119  E 120  
# ======================================
  44 1.289 0.533   T 117  T 121  Y 122  
  45 0.899 0.329   L 118  F 122  A 123  
# ======================================
  46 1.107 0.128   I 120  K 123  R 124  
  47 1.413 0.265   L 121  V 124  V 125  
  48 1.340 0.034   N 122  W 125  Y 126  
# ======================================
  49 1.284 0.120 * N 123  N 127  N 128  
# ======================================
  50 1.556 0.562   G 125  T 128  K 130  
# ======================================
  51 1.722 0.181   L 128  N 133  T 134  
# ======================================
  52 1.524 0.461   N 131  G 136  S 137  
  53 1.470 0.302   D 132  M 137  V 138  
  54 1.683 0.830   I 133  Q 138  S 139  
# ======================================
  55 0.942 0.187   R 136  P 141  S 141  
# ======================================
  56 1.174 0.240   T 138  K 142  G 143  
# ======================================
  57 1.669 0.420   V 139  N 144  L 144  
# ======================================
  58 1.192 0.206   N 147  V 150  S 152  
# ======================================
  59 1.523 0.313   M 149  S 152  N 154  
# ======================================
  60 1.164 0.116   S 150  N 154  F 156  
  61 0.943 0.265   N 151  T 155  V 157  
  62 1.218 0.395   T 152  S 156  L 158  
  63 1.315 0.458   Y 153  S 157  Y 159  
# ======================================
  64 1.400 0.333   K 160  I 163  K 166  
# ======================================
  65 1.122 0.204   S 162  E 167  R 169  
# ======================================
  66 1.665 0.410   K 165  V 168  I 170  
# ======================================
  67 1.134 0.319 * T 167  T 170  T 172  
# ======================================
  68 1.482 0.222   I 169  V 172  V 174  
# ======================================
  69 1.427 0.479   V 171  G 174  G 176  
# ======================================
  70 1.126 0.340   S 173  T 175  A 177  
  71 1.114 0.345   K 174  T 176  T 178  
  72 1.245 0.289 * F 175  F 177  F 179  
# ======================================
  73 1.018 0.374   E 176  A 179  E 181  
  74 1.538 0.370   D 177  P 180  D 182  
# ======================================
  75 1.622 0.605   A 180  A 182  D 185  
  76 1.638 0.451   F 181  A 183  T 186  
# ======================================
  77 1.604 0.593   E 182  N 188  R 188  
  78 1.024 0.269   A 183  L 189  H 189  
  79 0.912 0.361   T 184  F 190  Y 190  
# ======================================
  80 1.053 0.105   N 186  M 192  L 192  
  81 1.604 0.861   I 187  Y 193  S 193  
  82 1.459 0.130   G 188  V 194  M 194  
# ======================================
  83 1.053 0.430   N 193  Y 198  G 199  
# ======================================
# Sequence alignment of the structurally conserved regions
# [average distance and standard deviation are with respect
#  to the framework (i.e., average structure)]
#
#  N av ds st dv   2edmA  2ed6A  5hljA  
# ======================================
   1 0.655 0.197   Y  46  D  49  S  46  
# ======================================
   2 1.185 0.396   Q  48  E  50  E  47  
   3 1.265 0.292   M  49  N  51  I  48  
   4 1.237 0.365   M  50  L  52  I  49  
   5 1.320 0.464   R  51  R  53  N  50  
   6 1.198 0.456   V  52  I  54  L  51  
   7 1.017 0.353   P  53  P  55  T  52  
   8 1.008 0.353   I  54  V  56  I  53  
   9 1.069 0.315   Q  55  T  57  N  54  
  10 1.017 0.282   R  56  A  58  G  55  
# ======================================
  11 1.288 0.069   A  58  G  61  A  57  
# ======================================
  12 1.027 0.426   V  60  G  63  N  60  
  13 1.173 0.487   M  61  Y  64  H  61  
# ======================================
  14 0.942 0.138   S  62  K  66  N  63  
  15 0.978 0.275   I  63  M  67  F  64  
# ======================================
  16 1.757 0.380   G  65  T  68  V  65  
  17 1.142 0.269   E  66  D  69  N  66  
  18 0.834 0.303   R  67  V  70  G  67  
  19 0.797 0.178   S  68  S  71  T  68  
  20 0.929 0.258   Y  69  F  72  L  69  
  21 0.484 0.102   N  70  D  73  Q  70  
  22 0.280 0.112   T  71  S  74  T  71  
# ======================================
  23 1.131 0.144   P  72  T  76  N  73  
  24 0.494 0.160   L  73  L  77  Y  74  
  25 0.639 0.179 * G  74  G  78  G  75  
  26 0.543 0.202 * K  75  K  79  K  76  
  27 0.602 0.213   V  76  I  80  V  77  
  28 0.730 0.288   A  77  K  81  Y  78  
  29 0.799 0.272   M  78  I  82  V  79  
# ======================================
  30 0.700 0.088   L  82  G  85  T  84  
  31 1.311 0.318   S  83  K  86  S  85  
  32 0.731 0.174   D  84  S  87  D  86  
# ======================================
  33 1.384 0.217   K  85  Q  90  S  87  
# ======================================
  34 0.933 0.194   K  88  M  91  V  90  
# ======================================
  35 1.123 0.612   D  89  E  93  K  91  
  36 1.202 0.557   V  90  E  94  K  92  
  37 1.324 0.429   S  91  D  95  K  93  
  38 0.960 0.347   A  92  A  96  G  94  
  39 0.808 0.306 * D  93  D  97  D  95  
  40 0.607 0.348   L  94  L  98  I  96  
  41 0.746 0.357   V  95  V  99  I  97  
  42 0.790 0.225   I  96  I 100  L  98  
  43 0.876 0.353   S  97  T 101  T  99  
  44 0.850 0.080   T  98  P 102  S 100  
  45 1.216 0.198   V  99  V 103  L 101  
# ======================================
  46 1.396 0.078   T 104  R 106  H 107  
# ======================================
  47 1.283 0.594   D 105  E 109  N 110  
# ======================================
  48 0.980 0.122   A 111  Q 114  E 115  
# ======================================
  49 0.998 0.309   E 112  L 116  K 117  
  50 1.087 0.147   N 113  T 117  E 118  
  51 1.247 0.220   S 114  F 118  L 119  
# ======================================
  52 1.266 0.480   M 116  E 119  E 120  
# ======================================
  53 1.009 0.436   T 117  T 121  Y 122  
  54 0.716 0.186   L 118  F 122  A 123  
  55 1.030 0.273   K 119  K 123  R 124  
  56 0.763 0.336   I 120  V 124  V 125  
  57 0.796 0.325   L 121  W 125  Y 126  
  58 0.869 0.424 * N 122  N 126  N 127  
  59 0.681 0.248 * N 123  N 127  N 128  
# ======================================
  60 1.075 0.417   G 125  T 128  T 129  
# ======================================
  61 0.783 0.335   D 127  I 132  I 133  
  62 1.063 0.247   L 128  N 133  T 134  
  63 1.068 0.124   L 129  I 134  V 135  
  64 1.823 0.442   I 130  T 135  D 136  
  65 0.980 0.080   N 131  G 136  S 137  
  66 1.165 0.159   D 132  M 137  V 138  
  67 1.357 0.599   I 133  Q 138  S 139  
  68 1.109 0.165   T 134  M 139  L 140  
# ======================================
  69 1.094 0.270   R 136  V 140  S 141  
  70 0.945 0.351 * P 137  P 141  P 142  
  71 0.815 0.242   T 138  K 142  G 143  
# ======================================
  72 1.430 0.199   V 139  N 144  L 144  
# ======================================
  73 1.079 0.293   G 142  P 145  G 148  
# ======================================
  74 1.590 0.395   N 147  F 149  F 151  
  75 1.365 0.387   T 148  V 150  S 152  
# ======================================
  76 1.459 0.225   M 149  S 152  N 154  
# ======================================
  77 1.098 0.113   S 150  N 154  F 156  
  78 0.881 0.237   N 151  T 155  V 157  
  79 0.887 0.245   T 152  S 156  L 158  
  80 0.827 0.187   Y 153  S 157  Y 159  
  81 1.450 0.436 * F 154  F 158  F 160  
# ======================================
  82 1.705 0.489   S 156  P 160  K 161  
# ======================================
  83 1.455 0.288   K 157  V 161  T 163  
  84 1.012 0.158   D 158  S 162  V 164  
# ======================================
  85 0.577 0.265   K 160  I 163  K 166  
# ======================================
  86 1.211 0.408   S 162  E 167  R 169  
# ======================================
  87 1.276 0.331   K 165  V 168  I 170  
# ======================================
  88 0.876 0.247   T 167  G 169  N 171  
  89 0.857 0.343   L 168  T 170  T 172  
  90 1.217 0.340   I 169  F 171  L 173  
  91 1.451 0.386   D 170  V 172  V 174  
  92 1.324 0.408   V 171  C 173  F 175  
  93 1.424 0.290   C 172  G 174  G 176  
  94 0.834 0.240   S 173  T 175  A 177  
  95 0.817 0.205   K 174  T 176  T 178  
  96 0.971 0.246 * F 175  F 177  F 179  
# ======================================
  97 0.807 0.259   E 176  A 179  E 181  
  98 1.161 0.380   D 177  P 180  D 182  
# ======================================
  99 1.346 0.438   A 180  A 182  D 184  
 100 1.544 0.334   F 181  A 183  D 185  
# ======================================
 101 1.317 0.387   E 182  N 188  R 188  
 102 0.645 0.166   A 183  L 189  H 189  
 103 0.754 0.240   T 184  F 190  Y 190  
# ======================================
 104 1.217 0.466   M 185  M 192  L 192  
 105 1.284 0.381   N 186  Y 193  S 193  
# ======================================
 106 1.145 0.179   F 189  H 195  R 195  
 107 1.404 0.304   T 190  V 196  F 196  
 108 0.758 0.147   S 191  T 197  S 197  
# ======================================
 109 1.733 0.384   K 192  S 199  G 199  
# ======================================
# Sequence alignment of the structurally conserved regions
# [average distance and standard deviation are with respect
#  to the framework (i.e., average structure)]
#
#  N av ds st dv   2edmA  2ed6A  5hljA  
# ======================================
   1 1.243 0.283   Y  46  M  48  E  45  
   2 1.008 0.409   D  47  D  49  S  46  
   3 0.901 0.307   Q  48  E  50  E  47  
   4 0.976 0.239   M  49  N  51  I  48  
   5 0.944 0.325   M  50  L  52  I  49  
   6 1.004 0.453   R  51  R  53  N  50  
   7 0.893 0.451   V  52  I  54  L  51  
   8 0.736 0.276   P  53  P  55  T  52  
   9 0.685 0.290   I  54  V  56  I  53  
  10 0.758 0.243   Q  55  T  57  N  54  
  11 0.643 0.171   R  56  A  58  G  55  
# ======================================
  12 1.345 0.160   A  58  G  61  A  57  
# ======================================
  13 0.788 0.219   K  59  G  63  N  60  
  14 0.986 0.269   V  60  Y  64  H  61  
  15 0.879 0.188   M  61  F  65  F  62  
  16 0.719 0.058   S  62  K  66  N  63  
  17 0.689 0.157   I  63  M  67  F  64  
# ======================================
  18 1.598 0.337   G  65  T  68  V  65  
  19 1.071 0.228   E  66  D  69  N  66  
  20 0.788 0.307   R  67  V  70  G  67  
  21 0.721 0.265   S  68  S  71  T  68  
  22 1.048 0.302   Y  69  F  72  L  69  
  23 0.496 0.159   N  70  D  73  Q  70  
  24 0.502 0.078   T  71  S  74  T  71  
# ======================================
  25 1.220 0.148   P  72  T  76  N  73  
  26 0.839 0.159   L  73  L  77  Y  74  
  27 0.529 0.190 * G  74  G  78  G  75  
  28 0.291 0.064 * K  75  K  79  K  76  
  29 0.439 0.070   V  76  I  80  V  77  
  30 0.507 0.172   A  77  K  81  Y  78  
  31 0.614 0.175   M  78  I  82  V  79  
# ======================================
  32 1.807 0.608   G  81  N  84  G  83  
  33 0.851 0.206   L  82  G  85  T  84  
  34 1.027 0.384   S  83  K  86  S  85  
  35 0.701 0.205   D  84  S  87  D  86  
# ======================================
  36 1.061 0.317   K  85  Q  90  S  87  
# ======================================
  37 0.944 0.240   M  87  M  91  L  89  
  38 0.873 0.342   K  88  K  92  V  90  
  39 0.840 0.386   D  89  E  93  K  91  
  40 0.932 0.341   V  90  E  94  K  92  
  41 0.993 0.394   S  91  D  95  K  93  
  42 0.608 0.208   A  92  A  96  G  94  
  43 0.458 0.155 * D  93  D  97  D  95  
  44 0.408 0.103   L  94  L  98  I  96  
  45 0.543 0.169   V  95  V  99  I  97  
  46 0.659 0.134   I  96  I 100  L  98  
  47 0.792 0.141   S  97  T 101  T  99  
  48 0.718 0.159   T  98  P 102  S 100  
  49 1.179 0.319   V  99  V 103  L 101  
# ======================================
  50 1.202 0.452   P 102  G 105  D 106  
# ======================================
  51 1.308 0.252   T 104  A 107  H 107  
# ======================================
  52 1.159 0.446   D 105  E 109  N 110  
# ======================================
  53 1.111 0.267   A 111  Q 114  E 115  
# ======================================
  54 0.702 0.216   E 112  L 116  K 117  
  55 0.746 0.024   N 113  T 117  E 118  
  56 0.836 0.131   S 114  F 118  L 119  
  57 0.888 0.180   N 115  E 119  E 120  
  58 1.192 0.449   M 116  G 120  L 121  
  59 0.903 0.291   T 117  T 121  Y 122  
  60 0.605 0.150   L 118  F 122  A 123  
  61 0.841 0.172   K 119  K 123  R 124  
  62 0.581 0.070   I 120  V 124  V 125  
  63 0.573 0.107   L 121  W 125  Y 126  
  64 0.677 0.196 * N 122  N 126  N 127  
  65 0.649 0.152 * N 123  N 127  N 128  
  66 1.132 0.400 * T 124  T 128  T 129  
  67 1.079 0.370   G 125  S 129  K 130  
  68 1.404 0.452   V 126  R 130  R 131  
# ======================================
  69 0.922 0.320   D 127  I 132  I 133  
  70 1.029 0.356   L 128  N 133  T 134  
  71 1.146 0.228   L 129  I 134  V 135  
# ======================================
  72 1.146 0.206   D 132  G 136  S 137  
  73 0.964 0.231   I 133  M 137  V 138  
  74 1.034 0.349   T 134  Q 138  S 139  
  75 1.123 0.358   V 135  M 139  L 140  
  76 0.784 0.147   R 136  V 140  S 141  
  77 0.807 0.275 * P 137  P 141  P 142  
  78 0.742 0.230   T 138  K 142  G 143  
# ======================================
  79 1.408 0.391   N 147  F 149  F 151  
  80 1.287 0.505   T 148  V 150  S 152  
# ======================================
  81 1.709 0.110   M 149  S 152  N 154  
# ======================================
  82 1.046 0.179   S 150  N 154  F 156  
  83 0.803 0.315   N 151  T 155  V 157  
  84 0.539 0.163   T 152  S 156  L 158  
  85 0.426 0.022   Y 153  S 157  Y 159  
  86 1.058 0.324 * F 154  F 158  F 160  
  87 1.455 0.475   S 155  T 159  K 161  
  88 1.300 0.282   S 156  P 160  P 162  
  89 1.122 0.159   K 157  V 161  T 163  
  90 0.731 0.125   D 158  S 162  V 164  
# ======================================
  91 0.768 0.116   K 160  I 163  K 166  
# ======================================
  92 1.271 0.129   S 162  E 165  K 167  
  93 0.827 0.229   S 163  D 166  N 168  
# ======================================
  94 1.136 0.449   K 165  E 167  R 169  
  95 0.896 0.238   I 166  V 168  I 170  
  96 0.593 0.083   T 167  G 169  N 171  
  97 0.516 0.160   L 168  T 170  T 172  
  98 0.906 0.173   I 169  F 171  L 173  
  99 1.088 0.263   D 170  V 172  V 174  
 100 0.891 0.253   V 171  C 173  F 175  
 101 1.059 0.259   C 172  G 174  G 176  
 102 0.467 0.144   S 173  T 175  A 177  
 103 0.550 0.130   K 174  T 176  T 178  
 104 0.774 0.124 * F 175  F 177  F 179  
# ======================================
 105 1.063 0.289   E 176  A 179  E 181  
 106 1.051 0.452   D 177  P 180  D 182  
# ======================================
 107 1.599 0.086   A 179  A 182  D 184  
# ======================================
 108 0.895 0.234   F 181  N 188  R 188  
 109 0.929 0.309   E 182  L 189  H 189  
 110 0.855 0.299   A 183  F 190  Y 190  
 111 0.808 0.291   T 184  D 191  L 191  
 112 0.882 0.424   M 185  M 192  L 192  
 113 0.953 0.311   N 186  Y 193  S 193  
 114 0.957 0.222   I 187  V 194  M 194  
 115 1.154 0.228   G 188  H 195  R 195  
 116 1.002 0.272   F 189  V 196  F 196  
 117 1.116 0.357   T 190  T 197  S 197  
 118 1.052 0.399   S 191  Y 198  P 198  
# ======================================
# Sequence alignment of the structurally conserved regions
# [average distance and standard deviation are with respect
#  to the framework (i.e., average structure)]
#
#  N av ds st dv   2edmA  2ed6A  5hljA  
# ======================================
   1 1.032 0.160   Y  46  M  48  E  45  
   2 0.727 0.187   D  47  D  49  S  46  
   3 0.678 0.263   Q  48  E  50  E  47  
   4 0.749 0.215   M  49  N  51  I  48  
   5 0.673 0.139   M  50  L  52  I  49  
   6 0.722 0.284   R  51  R  53  N  50  
   7 0.723 0.302   V  52  I  54  L  51  
   8 0.544 0.109   P  53  P  55  T  52  
   9 0.462 0.109   I  54  V  56  I  53  
  10 0.540 0.076   Q  55  T  57  N  54  
  11 0.382 0.057   R  56  A  58  G  55  
  12 1.035 0.040   R  57  E  59  V  56  
# ======================================
  13 1.415 0.313   A  58  G  61  A  57  
# ======================================
  14 0.578 0.127   K  59  G  63  N  60  
  15 0.714 0.163   V  60  Y  64  H  61  
  16 0.631 0.031   M  61  F  65  F  62  
  17 0.638 0.168   S  62  K  66  N  63  
  18 0.493 0.135   I  63  M  67  F  64  
# ======================================
  19 1.114 0.199   E  66  D  69  N  66  
  20 0.883 0.303   R  67  V  70  G  67  
  21 0.833 0.149   S  68  S  71  T  68  
  22 1.233 0.285   Y  69  F  72  L  69  
  23 0.850 0.238   N  70  D  73  Q  70  
  24 0.834 0.288   T  71  S  74  T  71  
# ======================================
  25 1.251 0.063   P  72  T  76  N  73  
  26 1.121 0.381   L  73  L  77  Y  74  
  27 0.710 0.272 * G  74  G  78  G  75  
  28 0.395 0.112 * K  75  K  79  K  76  
  29 0.467 0.016   V  76  I  80  V  77  
  30 0.362 0.171   A  77  K  81  Y  78  
  31 0.541 0.150   M  78  I  82  V  79  
  32 1.378 0.449   K  79  R  83  A  80  
# ======================================
  33 1.681 0.658   G  81  N  84  G  83  
  34 1.007 0.356   L  82  G  85  T  84  
  35 0.961 0.413   S  83  K  86  S  85  
  36 0.792 0.297   D  84  S  87  D  86  
# ======================================
  37 0.941 0.403   K  85  Q  90  S  87  
# ======================================
  38 0.812 0.161   M  87  M  91  L  89  
  39 0.717 0.231   K  88  K  92  V  90  
  40 0.679 0.242   D  89  E  93  K  91  
  41 0.743 0.271   V  90  E  94  K  92  
  42 0.800 0.503   S  91  D  95  K  93  
  43 0.425 0.253   A  92  A  96  G  94  
  44 0.410 0.094 * D  93  D  97  D  95  
  45 0.290 0.092   L  94  L  98  I  96  
  46 0.412 0.086   V  95  V  99  I  97  
  47 0.580 0.234   I  96  I 100  L  98  
  48 0.764 0.024   S  97  T 101  T  99  
  49 0.706 0.301   T  98  P 102  S 100  
  50 1.184 0.313   V  99  V 103  L 101  
# ======================================
  51 1.153 0.405   P 102  G 105  D 106  
  52 1.420 0.561   R 103  R 106  H 107  
  53 1.435 0.459   T 104  A 107  T 108  
  54 1.394 0.255   D 105  L 108  L 109  
  55 1.248 0.384   P 106  E 109  N 110  
# ======================================
  56 1.338 0.338   A 111  Q 114  E 115  
# ======================================
  57 0.547 0.255   E 112  L 116  K 117  
  58 0.634 0.127   N 113  T 117  E 118  
  59 0.599 0.108   S 114  F 118  L 119  
  60 0.646 0.066   N 115  E 119  E 120  
  61 1.023 0.430   M 116  G 120  L 121  
  62 0.919 0.256   T 117  T 121  Y 122  
  63 0.557 0.262   L 118  F 122  A 123  
  64 0.719 0.277   K 119  K 123  R 124  
  65 0.470 0.101   I 120  V 124  V 125  
  66 0.428 0.101   L 121  W 125  Y 126  
  67 0.499 0.047 * N 122  N 126  N 127  
  68 0.580 0.180 * N 123  N 127  N 128  
  69 0.868 0.281 * T 124  T 128  T 129  
  70 0.757 0.230   G 125  S 129  K 130  
  71 1.098 0.327   V 126  R 130  R 131  
  72 0.907 0.244   D 127  K 131  D 132  
  73 0.677 0.383   L 128  I 132  I 133  
  74 0.706 0.244   L 129  N 133  T 134  
  75 0.920 0.298   I 130  I 134  V 135  
  76 1.238 0.313   N 131  T 135  D 136  
  77 0.895 0.154   D 132  G 136  S 137  
  78 0.696 0.148   I 133  M 137  V 138  
  79 0.735 0.207   T 134  Q 138  S 139  
  80 0.865 0.232   V 135  M 139  L 140  
  81 0.466 0.021   R 136  V 140  S 141  
  82 0.832 0.275 * P 137  P 141  P 142  
  83 0.939 0.276   T 138  K 142  G 143  
# ======================================
  84 1.060 0.352   I 144  N 144  L 144  
# ======================================
  85 1.227 0.305   N 147  F 149  F 151  
  86 1.327 0.529   T 148  V 150  S 152  
# ======================================
  87 1.129 0.337   S 150  N 154  F 156  
  88 0.847 0.488   N 151  T 155  V 157  
  89 0.446 0.228   T 152  S 156  L 158  
  90 0.316 0.123   Y 153  S 157  Y 159  
  91 0.965 0.328 * F 154  F 158  F 160  
  92 1.353 0.494   S 155  T 159  K 161  
  93 1.234 0.283   S 156  P 160  P 162  
  94 1.112 0.270   K 157  V 161  T 163  
  95 0.674 0.046   D 158  S 162  V 164  
  96 1.099 0.266   I 159  I 163  L 165  
  97 1.082 0.270   K 160  D 164  K 166  
# ======================================
  98 0.815 0.239   S 163  D 166  N 168  
# ======================================
  99 1.058 0.375   K 165  E 167  R 169  
 100 0.739 0.160   I 166  V 168  I 170  
 101 0.429 0.200   T 167  G 169  N 171  
 102 0.374 0.125   L 168  T 170  T 172  
 103 0.771 0.134   I 169  F 171  L 173  
 104 0.915 0.282   D 170  V 172  V 174  
 105 0.644 0.235   V 171  C 173  F 175  
 106 0.869 0.228   C 172  G 174  G 176  
 107 0.329 0.053   S 173  T 175  A 177  
 108 0.495 0.286   K 174  T 176  T 178  
 109 0.804 0.133 * F 175  F 177  F 179  
# ======================================
 110 0.720 0.350   D 177  P 180  E 181  
# ======================================
 111 1.520 0.138   A 179  A 182  D 184  
# ======================================
 112 0.659 0.086   F 181  N 188  R 188  
 113 0.699 0.218   E 182  L 189  H 189  
 114 0.592 0.190   A 183  F 190  Y 190  
 115 0.479 0.238   T 184  D 191  L 191  
 116 0.651 0.271   M 185  M 192  L 192  
 117 0.646 0.175   N 186  Y 193  S 193  
 118 0.697 0.148   I 187  V 194  M 194  
 119 0.870 0.073   G 188  H 195  R 195  
 120 0.740 0.104   F 189  V 196  F 196  
 121 0.835 0.197   T 190  T 197  S 197  
 122 0.739 0.258   S 191  Y 198  P 198  
 123 1.554 0.902   K 192  S 199  G 199  
# ======================================
# Sequence alignment of the structurally conserved regions
# [average distance and standard deviation are with respect
#  to the framework (i.e., average structure)]
#
#  N av ds st dv   2edmA  2ed6A  5hljA  
# ======================================
   1 0.899 0.136   Y  46  M  48  E  45  
   2 0.578 0.099   D  47  D  49  S  46  
   3 0.622 0.266   Q  48  E  50  E  47  
   4 0.699 0.201   M  49  N  51  I  48  
   5 0.605 0.086   M  50  L  52  I  49  
   6 0.660 0.227   R  51  R  53  N  50  
   7 0.711 0.266   V  52  I  54  L  51  
   8 0.532 0.096   P  53  P  55  T  52  
   9 0.412 0.060   I  54  V  56  I  53  
  10 0.475 0.019   Q  55  T  57  N  54  
  11 0.336 0.112   R  56  A  58  G  55  
  12 0.992 0.069   R  57  E  59  V  56  
# ======================================
  13 1.480 0.300   A  58  G  61  A  57  
# ======================================
  14 0.562 0.162   K  59  G  63  N  60  
  15 0.621 0.134   V  60  Y  64  H  61  
  16 0.553 0.027   M  61  F  65  F  62  
  17 0.621 0.186   S  62  K  66  N  63  
  18 0.442 0.146   I  63  M  67  F  64  
# ======================================
  19 1.109 0.215   E  66  D  69  N  66  
  20 0.885 0.296   R  67  V  70  G  67  
  21 0.871 0.125   S  68  S  71  T  68  
  22 1.305 0.318   Y  69  F  72  L  69  
  23 0.969 0.278   N  70  D  73  Q  70  
  24 0.966 0.311   T  71  S  74  T  71  
# ======================================
  25 1.328 0.142   P  72  T  76  N  73  
  26 1.206 0.444   L  73  L  77  Y  74  
  27 0.781 0.335 * G  74  G  78  G  75  
  28 0.482 0.161 * K  75  K  79  K  76  
  29 0.513 0.057   V  76  I  80  V  77  
  30 0.336 0.158   A  77  K  81  Y  78  
  31 0.530 0.127   M  78  I  82  V  79  
  32 1.354 0.407   K  79  R  83  A  80  
# ======================================
  33 1.633 0.641   G  81  N  84  G  83  
  34 1.042 0.349   L  82  G  85  T  84  
  35 0.930 0.404   S  83  K  86  S  85  
  36 0.801 0.287   D  84  S  87  D  86  
# ======================================
  37 0.911 0.383   K  85  Q  90  S  87  
# ======================================
  38 0.761 0.170   M  87  M  91  L  89  
  39 0.720 0.205   K  88  K  92  V  90  
  40 0.675 0.225   D  89  E  93  K  91  
  41 0.692 0.263   V  90  E  94  K  92  
  42 0.818 0.414   S  91  D  95  K  93  
  43 0.464 0.169   A  92  A  96  G  94  
  44 0.460 0.016 * D  93  D  97  D  95  
  45 0.273 0.115   L  94  L  98  I  96  
  46 0.356 0.067   V  95  V  99  I  97  
  47 0.545 0.238   I  96  I 100  L  98  
  48 0.757 0.037   S  97  T 101  T  99  
  49 0.746 0.308   T  98  P 102  S 100  
# ======================================
  50 1.712 0.199   A 101  E 104  L 102  
# ======================================
  51 1.155 0.392   P 102  G 105  D 106  
  52 1.380 0.496   R 103  R 106  H 107  
  53 1.356 0.421   T 104  A 107  T 108  
  54 1.292 0.217   D 105  L 108  L 109  
  55 1.307 0.379   P 106  E 109  N 110  
# ======================================
  56 0.631 0.312   E 112  L 116  K 117  
  57 0.651 0.172   N 113  T 117  E 118  
  58 0.501 0.135   S 114  F 118  L 119  
  59 0.534 0.094   N 115  E 119  E 120  
  60 0.969 0.475   M 116  G 120  L 121  
  61 0.983 0.253   T 117  T 121  Y 122  
  62 0.563 0.282   L 118  F 122  A 123  
  63 0.727 0.309   K 119  K 123  R 124  
  64 0.439 0.130   I 120  V 124  V 125  
  65 0.374 0.141   L 121  W 125  Y 126  
  66 0.436 0.084 * N 122  N 126  N 127  
  67 0.493 0.151 * N 123  N 127  N 128  
  68 0.746 0.265 * T 124  T 128  T 129  
  69 0.598 0.229   G 125  S 129  K 130  
  70 0.969 0.279   V 126  R 130  R 131  
  71 0.793 0.179   D 127  K 131  D 132  
  72 0.547 0.346   L 128  I 132  I 133  
  73 0.579 0.204   L 129  N 133  T 134  
  74 0.795 0.288   I 130  I 134  V 135  
  75 1.115 0.354   N 131  T 135  D 136  
  76 0.774 0.188   D 132  G 136  S 137  
  77 0.571 0.155   I 133  M 137  V 138  
  78 0.614 0.137   T 134  Q 138  S 139  
  79 0.771 0.184   V 135  M 139  L 140  
  80 0.416 0.065   R 136  V 140  S 141  
  81 0.909 0.269 * P 137  P 141  P 142  
  82 1.054 0.283   T 138  K 142  G 143  
# ======================================
  83 1.056 0.316   I 144  N 144  L 144  
# ======================================
  84 1.258 0.276   N 147  F 149  F 151  
  85 1.452 0.567   T 148  V 150  S 152  
# ======================================
  86 1.245 0.363   S 150  N 154  F 156  
  87 0.962 0.508   N 151  T 155  V 157  
  88 0.469 0.286   T 152  S 156  L 158  
  89 0.400 0.180   Y 153  S 157  Y 159  
  90 0.947 0.319 * F 154  F 158  F 160  
  91 1.318 0.502   S 155  T 159  K 161  
  92 1.203 0.309   S 156  P 160  P 162  
  93 1.127 0.338   K 157  V 161  T 163  
  94 0.673 0.107   D 158  S 162  V 164  
  95 1.040 0.291   I 159  I 163  L 165  
  96 1.018 0.338   K 160  D 164  K 166  
  97 1.103 0.174   S 161  E 165  K 167  
# ======================================
  98 0.929 0.295   S 163  D 166  N 168  
# ======================================
  99 1.093 0.388   K 165  E 167  R 169  
 100 0.737 0.178   I 166  V 168  I 170  
 101 0.415 0.253   T 167  G 169  N 171  
 102 0.398 0.142   L 168  T 170  T 172  
 103 0.773 0.100   I 169  F 171  L 173  
 104 0.905 0.270   D 170  V 172  V 174  
 105 0.582 0.208   V 171  C 173  F 175  
 106 0.778 0.260   C 172  G 174  G 176  
 107 0.380 0.014   S 173  T 175  A 177  
 108 0.569 0.321   K 174  T 176  T 178  
 109 0.896 0.115 * F 175  F 177  F 179  
# ======================================
 110 0.687 0.183   D 177  P 180  E 181  
# ======================================
 111 1.610 0.214   A 179  A 182  D 184  
# ======================================
 112 0.617 0.017   F 181  N 188  R 188  
 113 0.635 0.249   E 182  L 189  H 189  
 114 0.542 0.136   A 183  F 190  Y 190  
 115 0.434 0.195   T 184  D 191  L 191  
 116 0.597 0.216   M 185  M 192  L 192  
 117 0.546 0.133   N 186  Y 193  S 193  
 118 0.607 0.158   I 187  V 194  M 194  
 119 0.746 0.072   G 188  H 195  R 195  
 120 0.601 0.056   F 189  V 196  F 196  
 121 0.669 0.111   T 190  T 197  S 197  
 122 0.574 0.161   S 191  Y 198  P 198  
 123 1.531 0.887   K 192  S 199  G 199  
# ======================================

Least-squares dynamic programming alignment:
     FIT_ATOMS atoms for alignment     : CA
     Max dist from frw for equivalence :    3.5000
     Gap introduction penalty          :    0.0000
     Gap extension penalty             :    1.7500
     Numb of residues in framework     :       123




COMPARISON OF SEVERAL 3D STRUCTURES:


  #  ALGNMT CODE      ATOM FILE                          

  1  2edmA
  2  2ed6A
  3  5hljA



Variability at a given position is calculated as: 
VAR = 1/Nij * sum_ij (feat_i - feat_j)
sum runs over all pairs of proteins with residues present.



>> Least-squares superposition (FIT)           :       T

   Atom types for superposition/RMS (FIT_ATOMS): CA
   Atom type for position average/variability (VARATOM): CA


   Position comparison (FIT_ATOMS): 

       Cutoff for RMS calculation:     3.5000

       Upper = RMS, Lower = numb equiv positions

        2edmA   2ed6A   5hljA   
2edmA      0.000   1.601   1.578
2ed6A        128   0.000   1.499
5hljA        127     139   0.000



   Distance comparison (FIT_ATOMS): 

       Cutoff for rms calculation:     3.5000

       Upper = Distance RMS, Lower = numb equiv distances

        2edmA   2ed6A   5hljA   
2edmA      0.000   1.221   1.197
2ed6A       8070   0.000   1.135
5hljA       8072    9943   0.000

>> Sequence comparison: 

       Diag=numb res, Upper=numb equiv res, Lower = % seq ID


            2edmA   2ed6A   5hljA
2edmA         161      30      22
2ed6A          19     170      25
5hljA          14      15     169


>> Dihedral angle comparison: Alph


       Cutoff for rms comparison:    60.0000

       Upper = RMS Alph, Lower = numb of equiv angles

        2edmA   2ed6A   5hljA   
2edmA      0.000  24.825  25.702
2ed6A        106   0.000  22.571
5hljA        108     126   0.000


>> Dihedral angle comparison: Phi 


       Cutoff for rms comparison:    60.0000

       Upper = RMS Phi , Lower = numb of equiv angles

        2edmA   2ed6A   5hljA   
2edmA      0.000  25.623  23.680
2ed6A        112   0.000  21.954
5hljA        113     125   0.000


>> Dihedral angle comparison: Psi 


       Cutoff for rms comparison:    15.0000

       Upper = RMS Psi , Lower = numb of equiv angles

        2edmA   2ed6A   5hljA   
2edmA      0.000   9.023   8.686
2ed6A         59   0.000   7.737
5hljA         52      67   0.000


>> Dihedral angle comparison: Omeg


       Cutoff for rms comparison:    60.0000

       Upper = RMS Omeg, Lower = numb of equiv angles

        2edmA   2ed6A   5hljA   
2edmA      0.000   1.641   6.667
2ed6A        128   0.000   6.894
5hljA        128     141   0.000


>> Dihedral angle comparison: chi1


       Cutoff for rms comparison:    60.0000

       Upper = RMS chi1, Lower = numb of equiv angles

        2edmA   2ed6A   5hljA   
2edmA      0.000  20.359  19.387
2ed6A         41   0.000  16.974
5hljA         55      50   0.000


>> Dihedral angle comparison: chi2


       Cutoff for rms comparison:    60.0000

       Upper = RMS chi2, Lower = numb of equiv angles

        2edmA   2ed6A   5hljA   
2edmA      0.000  19.453  19.647
2ed6A         23   0.000  17.173
5hljA         19      25   0.000


>> Dihedral angle comparison: chi3


       Cutoff for rms comparison:    60.0000

       Upper = RMS chi3, Lower = numb of equiv angles

        2edmA   2ed6A   5hljA   
2edmA      0.000   8.658  55.346
2ed6A          5   0.000  12.561
5hljA          1       4   0.000


>> Dihedral angle comparison: chi4


       Cutoff for rms comparison:    60.0000

       Upper = RMS chi4, Lower = numb of equiv angles

        2edmA   2ed6A   5hljA   
2edmA      0.000  25.548  10.133
2ed6A          3   0.000   6.119
5hljA          3       1   0.000


>> Dihedral angle comparison: chi5


       Cutoff for rms comparison:    60.0000

       Upper = RMS chi5, Lower = numb of equiv angles

        2edmA   2ed6A   5hljA   
2edmA      0.000   0.000   0.000
2ed6A          0   0.000   0.000
5hljA          0       0   0.000



>> Ramachandran mainchain class substitution
   prot 1 --> prot 2; class on vert --> class on horiz

              A      P      B      L      E      U
      A      45      6      9      6      2      0
      P       4     32     31      2      0      0
      B       5     40    198      0      0      0
      L       5      2      1      3      0      0
      E       1      1      0      1      3      0
      U       0      1      0      0      0      0


   Summary (% does not count undefined):

   CODE   # ID # NID # TOT   % ID  % NID  % TOT
      A     45    23    68   11.3    5.8   17.1
      P     32    37    69    8.1    9.3   17.4
      B    198    45   243   49.9   11.3   61.2
      L      3     8    11    0.8    2.0    2.8
      E      3     3     6    0.8    0.8    1.5
   --------------------------------------------
   SUMS    281   116   397   70.8   29.2  100.0
   --------------------------------------------
      U      0     1     1    0.0    0.3    0.3



>> Dihedral class substitution: Alph
   prot 1 --> prot 2; class on vert --> class on horiz

              1      2      3      4
      1       2      4     10      0
      2       3     49     15      0
      3      10     18    286      0
      4       0      0      1      0


   Summary (% does not count undefined):

   CODE   # ID # NID # TOT   % ID  % NID  % TOT
      1      2    14    16    0.5    3.5    4.0
      2     49    18    67   12.3    4.5   16.9
      3    286    28   314   72.0    7.1   79.1
   --------------------------------------------
   SUMS    337    60   397   84.9   15.1  100.0
   --------------------------------------------
      4      0     1     1    0.0    0.3    0.3



>> Dihedral class substitution: Phi 
   prot 1 --> prot 2; class on vert --> class on horiz

              1      2      3      4
      1      55      6     46      0
      2       5      7      5      0
      3      45      4    225      0
      4       0      0      0      0


   Summary (% does not count undefined):

   CODE   # ID # NID # TOT   % ID  % NID  % TOT
      1     55    52   107   13.8   13.1   26.9
      2      7    10    17    1.8    2.5    4.3
      3    225    49   274   56.5   12.3   68.8
   --------------------------------------------
   SUMS    287   111   398   72.1   27.9  100.0
   --------------------------------------------
      4      0     0     0    0.0    0.0    0.0



>> Dihedral class substitution: Psi 
   prot 1 --> prot 2; class on vert --> class on horiz

              1      2      3      4
      1      28     13      8      0
      2       6     20     18      0
      3       5     14    285      0
      4       0      0      1      0


   Summary (% does not count undefined):

   CODE   # ID # NID # TOT   % ID  % NID  % TOT
      1     28    21    49    7.1    5.3   12.3
      2     20    24    44    5.0    6.0   11.1
      3    285    19   304   71.8    4.8   76.6
   --------------------------------------------
   SUMS    333    64   397   83.9   16.1  100.0
   --------------------------------------------
      4      0     1     1    0.0    0.3    0.3



>> Dihedral class substitution: Omeg
   prot 1 --> prot 2; class on vert --> class on horiz

              1      2      3      4
      1     397      0      0      0
      2       0      0      0      0
      3       0      0      0      0
      4       1      0      0      0


   Summary (% does not count undefined):

   CODE   # ID # NID # TOT   % ID  % NID  % TOT
      1    397     0   397  100.0    0.0  100.0
      2      0     0     0    0.0    0.0    0.0
      3      0     0     0    0.0    0.0    0.0
   --------------------------------------------
   SUMS    397     0   397  100.0    0.0  100.0
   --------------------------------------------
      4      0     1     1    0.0    0.3    0.3



>> Dihedral class substitution: chi1
   prot 1 --> prot 2; class on vert --> class on horiz

              1      2      3      4
      1     134     52     14     14
      2      46     29      5     10
      3      24     11     14      1
      4      20      6      3     15


   Summary (% does not count undefined):

   CODE   # ID # NID # TOT   % ID  % NID  % TOT
      1    134    80   214   37.9   22.6   60.5
      2     29    61    90    8.2   17.2   25.4
      3     14    36    50    4.0   10.2   14.1
   --------------------------------------------
   SUMS    177   177   354   50.0   50.0  100.0
   --------------------------------------------
      4     15    29    44    3.8    7.3   11.1



>> Dihedral class substitution: chi2
   prot 1 --> prot 2; class on vert --> class on horiz

              1      2      3      4
      1      67     32      4     56
      2      30     25      0     16
      3       8      5      0      2
      4      54     30      1     68


   Summary (% does not count undefined):

   CODE   # ID # NID # TOT   % ID  % NID  % TOT
      1     67    92   159   27.3   37.6   64.9
      2     25    46    71   10.2   18.8   29.0
      3      0    15    15    0.0    6.1    6.1
   --------------------------------------------
   SUMS     92   153   245   37.6   62.4  100.0
   --------------------------------------------
      4     68    85   153   17.1   21.4   38.4



>> Dihedral class substitution: chi3
   prot 1 --> prot 2; class on vert --> class on horiz

              1      2      3      4
      1      14     12      2     47
      2       2      2      1     20
      3       2      1      0      4
      4      46      9      1    235


   Summary (% does not count undefined):

   CODE   # ID # NID # TOT   % ID  % NID  % TOT
      1     14    61    75   13.1   57.0   70.1
      2      2    23    25    1.9   21.5   23.4
      3      0     7     7    0.0    6.5    6.5
   --------------------------------------------
   SUMS     16    91   107   15.0   85.0  100.0
   --------------------------------------------
      4    235    56   291   59.0   14.1   73.1



>> Dihedral class substitution: chi4
   prot 1 --> prot 2; class on vert --> class on horiz

              1      2      3      4
      1       7      3      1     25
      2       0      0      1      7
      3       2      0      0      2
      4      23      6      2    319


   Summary (% does not count undefined):

   CODE   # ID # NID # TOT   % ID  % NID  % TOT
      1      7    29    36   14.6   60.4   75.0
      2      0     8     8    0.0   16.7   16.7
      3      0     4     4    0.0    8.3    8.3
   --------------------------------------------
   SUMS      7    41    48   14.6   85.4  100.0
   --------------------------------------------
      4    319    31   350   80.2    7.8   87.9



>> Dihedral class substitution: chi5
   prot 1 --> prot 2; class on vert --> class on horiz

              1      2      3      4
      1       0      0      0      0
      2       0      0      0      0
      3       0      0      0      0
      4       0      0      0    398


   Summary (% does not count undefined):

   CODE   # ID # NID # TOT   % ID  % NID  % TOT
      1      0     0     0    0.0    0.0    0.0
      2      0     0     0    0.0    0.0    0.0
      3      0     0     0    0.0    0.0    0.0
   --------------------------------------------
   SUMS      0     0     0    0.0    0.0    0.0
   --------------------------------------------
      4    398     0   398  100.0    0.0  100.0



>> Detailed comparison:


       Structure :  1
       Structure :  2
       Structure :  3
       ALN      ... alignment position
       RESID... ... residue numbers 1/2/3
       AAA      ... amino acid types 1/2/3
       MNC      ... mainchain classes 1/2/3
       ALP...   ... dihedral angle classes (alpha,phi,psi,...)

ALN RESIDUE_NUMBERS AAA MNC ALP PHI PSI OMG CH1 CH2 CH3 CH4 CH5 
---------------------------------------------------------------
  1  ---- ----40    --D --U --4 --4 --1 --1 --2 --2 --4 --4 --4
  2  ---- ----41    --A --P --3 --1 --3 --1 --4 --4 --4 --4 --4
  3  ---- ----42    --Y --B --3 --3 --3 --1 --2 --2 --4 --4 --4
  4  ---- ----43    --P --P --3 --1 --2 --1 --2 --1 --2 --4 --4
  5  ----32    ---- -T- -U- -4- -4- -3- -1- -1- -4- -4- -4- -4-
  6  ----33    ---- -V- -A- -2- -1- -1- -1- -1- -4- -4- -4- -4-
  7  ----34    ---- -T- -A- -2- -1- -1- -1- -1- -4- -4- -4- -4-
  8  ----35    ---- -K- -A- -2- -1- -1- -1- -1- -1- -1- -1- -4-
  9  ----36    ---- -T- -A- -2- -1- -1- -1- -1- -4- -4- -4- -4-
 10  ----37    ---- -I- -A- -2- -1- -1- -1- -1- -1- -4- -4- -4-
 11  ----38    ---- -E- -A- -2- -1- -1- -1- -1- -1- -1- -4- -4-
 12  ----39    ---- -T- -A- -2- -1- -1- -1- -1- -4- -4- -4- -4-
 13  ----40    ---- -H- -A- -2- -1- -1- -1- -1- -2- -4- -4- -4-
 14  ----41    ---- -T- -A- -2- -1- -1- -1- -1- -4- -4- -4- -4-
 15  ----42    ---- -D- -A- -2- -1- -1- -1- -1- -1- -4- -4- -4-
 16  ----43    ---- -N- -A- -2- -1- -1- -1- -1- -1- -4- -4- -4-
 17  ----44    ---- -I- -A- -2- -1- -1- -1- -1- -1- -4- -4- -4-
 18  ----45   44    -EV -AA -22 -13 -11 -11 -22 -14 -14 -44 -44
 19  ----46    ---- -T- -A- -2- -1- -1- -1- -2- -4- -4- -4- -4-
 20 41    ---- ---- S-- U-- 4-- 4-- 3-- 1-- 3-- 4-- 4-- 4-- 4--
 21 42    ---- ---- V-- B-- 3-- 3-- 3-- 1-- 1-- 4-- 4-- 4-- 4--
 22 43    ---- ---- V-- B-- 3-- 3-- 3-- 1-- 1-- 4-- 4-- 4-- 4--
 23 44    ---- ---- A-- B-- 3-- 3-- 3-- 1-- 4-- 4-- 4-- 4-- 4--
 24 45   47    ---- NN- BA- 33- 31- 32- 11- 31- 11- 44- 44- 44-
 25 46   48   45    YME BBB 333 313 333 111 211 111 422 444 444
 26 47   49   46    DDS BBP 333 331 333 111 112 114 444 444 444
 27 48   50   47    QEE BBB 333 333 333 111 222 131 121 444 444
 28 49   51   48    MNI BBP 333 333 333 111 211 212 144 444 444
 29 50   52   49    MLI BPB 333 313 333 111 311 122 144 444 444
 30 51   53   50    RRN BBB 333 333 333 111 121 111 134 114 444
 31 52   54   51    VIL BBB 333 333 333 111 111 411 444 444 444
 32 53   55   52    PPT PPB 333 113 223 111 121 214 124 444 444
 33 54   56   53    IVI BBB 333 333 333 111 212 141 444 444 444
 34 55   57   54    QTN BBB 333 333 333 111 211 241 144 444 444
 35 56   58   55    RAG BBP 333 311 333 111 244 244 244 244 444
 36 57   59   56    REV BBB 133 313 333 111 121 214 114 144 444
 37  ----60    ---- -V- -P- -2- -1- -3- -1- -1- -4- -4- -4- -4-
 38 58   61   57    AGA ELA 122 221 321 111 444 444 444 444 444
 39  ----62   58    -SR -AB -32 -31 -13 -11 -12 -41 -41 -41 -44
 40  ---- ----59    --G --L --3 --2 --2 --1 --4 --4 --4 --4 --4
 41 59   63   60    KGN ALL 223 122 122 111 141 342 244 144 444
 42 60   64   61    VYH BBB 333 333 333 111 111 422 444 444 444
 43 61   65   62    MFF BBB 333 333 333 111 111 121 144 444 444
 44 62   66   63    SKN BBB 333 333 333 111 112 421 414 414 444
 45 63   67   64    IMF PBP 333 131 333 111 131 111 424 444 444
 46 64    ----65    R-V B-B 1-3 3-3 3-3 1-1 3-1 1-4 1-4 3-4 4-4
 47 65   68    ---- GT- EP- 13- 23- 33- 11- 41- 44- 44- 44- 44-
 48 66   69   66    EDN BPP 332 311 333 111 213 111 244 444 444
 49 67   70   67    RVG BBB 331 333 333 111 114 144 344 144 444
 50 68   71   68    SST BBB 333 333 333 111 332 444 444 444 444
 51 69   72   69    YFL BBB 333 333 333 111 332 122 444 444 444
 52 70   73   70    NDQ BBB 333 331 333 111 112 113 441 444 444
 53 71   74   71    TST BBP 133 333 333 111 332 444 444 444 444
 54  ----75   72    -DR -AA -22 -11 -11 -11 -11 -11 -42 -42 -44
 55 72   76   73    PTN AAA 222 133 111 111 111 242 144 444 444
 56 73   77   74    LLY AAA 333 333 212 111 311 111 444 444 444
 57 74   78   75    GGG EEE 121 222 333 111 444 444 444 444 444
 58 75   79   76    KKK PPB 333 113 333 111 212 111 112 112 444
 59 76   80   77    VIV BBB 333 333 333 111 111 414 444 444 444
 60 77   81   78    AKY BBB 333 333 333 111 412 412 414 414 444
 61 78   82   79    MIV BPB 333 333 333 111 311 114 244 444 444
 62 79   83   80    KRA BBP 331 331 333 111 214 124 114 124 444
 63  ---- ----81    --G --P --1 --1 --3 --1 --4 --4 --4 --4 --4
 64 80    ----82    N-Q P-P 2-2 1-1 3-3 1-1 2-3 2-1 4-1 4-4 4-4
 65 81   84   83    GNG LPL 323 212 232 111 414 414 444 444 444
 66 82   85   84    LGT PLP 333 321 323 111 141 144 444 444 444
 67 83   86   85    SKS PBP 333 131 333 111 111 424 414 414 444
 68 84   87   86    DSD APA 232 111 231 111 111 141 444 444 444
 69  ----88    ---- -D- -A- -2- -1- -1- -1- -1- -1- -4- -4- -4-
 70  ----89    ---- -A- -A- -2- -1- -1- -1- -4- -4- -4- -4- -4-
 71 85   90   87    KQS AAA 222 311 111 111 111 214 114 144 444
 72 86    ----88    D-E A-A 2-2 1-1 1-1 1-1 1-1 1-2 4-1 4-4 4-4
 73 87   91   89    MML AAA 222 111 111 111 112 112 224 444 444
 74 88   92   90    KKV AAA 222 111 112 111 222 314 314 314 444
 75 89   93   91    DEK AAA 222 333 111 111 111 111 412 441 444
 76 90   94   92    VEK PPP 333 111 333 111 121 432 411 441 444
 77 91   95   93    SDK BBB 222 133 333 111 121 411 441 441 444
 78 92   96   94    AAG BBB 333 333 333 111 444 444 444 444 444
 79 93   97   95    DDD AAA 222 313 111 111 111 111 444 444 444
 80 94   98   96    LLI BBB 333 333 333 111 211 211 444 444 444
 81 95   99   97    VVI BBB 333 333 333 111 211 442 444 444 444
 82 96   100  98    IIL PBB 333 333 333 111 111 312 444 444 444
 83 97   101  99    STT BBB 333 333 333 111 313 444 444 444 444
 84 98   102  100   TPS BPB 333 313 323 111 221 414 424 444 444
 85 99   103   ---- VV- BB- 33- 33- 33- 11- 11- 44- 44- 44- 44-
 86 100   ----101   T-L A-B 2-3 1-3 1-3 1-1 1-1 4-1 4-4 4-4 4-4
 87 101  104  102   AEL BBP 332 333 323 111 411 421 414 444 444
 88  ---- ----103   --G --E --1 --2 --3 --1 --4 --4 --4 --4 --4
 89  ---- ----104   --D --P --2 --1 --3 --1 --1 --1 --4 --4 --4
 90  ---- ----105   --G --L --2 --2 --1 --1 --4 --4 --4 --4 --4
 91 102  105  106   PGD AAB 332 131 122 111 241 141 244 444 444
 92 103  106  107   RRH ALB 233 123 123 111 121 131 124 114 444
 93 104  107  108   TAT PAA 322 113 312 111 442 444 444 444 444
 94 105  108  109   DLL BBB 333 333 333 111 211 122 444 444 444
 95 106  109  110   PEN PPB 333 111 233 111 121 211 114 444 444
 96  ----110  111   -VV -BP -33 -31 -33 -11 -12 -44 -44 -44 -44
 97  ----111  112   -TN -BB -33 -31 -33 -11 -12 -41 -44 -44 -44
 98  ----112  113   -VK -AA -22 -11 -11 -11 -11 -41 -41 -41 -44
 99  ---- ----114   --A --A --2 --1 --1 --1 --4 --4 --4 --4 --4
100  ----113  115   -GE -AB -23 -13 -23 -11 -41 -41 -41 -44 -44
101 107   ---- ---- A-- P-- 2-- 1-- 3-- 1-- 4-- 4-- 4-- 4-- 4--
102 108   ---- ---- G-- L-- 3-- 2-- 2-- 1-- 4-- 4-- 4-- 4-- 4--
103 109   ---- ---- T-- P-- 3-- 1-- 3-- 1-- 2-- 4-- 4-- 4-- 4--
104 110   ---- ---- G-- P-- 1-- 3-- 3-- 1-- 4-- 4-- 4-- 4-- 4--
105 111  114   ---- AQ- AA- 23- 11- 11- 11- 41- 41- 41- 44- 44-
106  ----115  116   -NS -LA -22 -23 -22 -11 -11 -14 -44 -44 -44
107 112  116  117   ELK AAA 222 133 111 111 111 311 141 441 444
108 113  117  118   NTE PBB 333 333 333 111 111 141 441 444 444
109 114  118  119   SFL BBB 333 333 333 111 311 422 444 444 444
110 115  119  120   NEE BBB 333 333 333 111 122 111 411 444 444
111 116  120  121   MGL BAB 333 333 323 111 242 142 244 444 444
112 117  121  122   TTY BPB 333 313 333 111 112 442 444 444 444
113 118  122  123   LFA PBB 333 133 333 111 134 124 444 444 444
114 119  123  124   KKR BBB 333 333 333 111 131 112 312 131 444
115 120  124  125   IVV BBB 333 333 333 111 131 144 444 444 444
116 121  125  126   LWY BBB 333 333 333 111 222 212 444 444 444
117 122  126  127   NNN BBB 333 333 333 111 222 121 444 444 444
118 123  127  128   NNN AAA 222 333 222 111 122 121 444 444 444
119 124  128  129   TTT ABP 333 133 133 111 212 444 444 444 444
120 125  129  130   GSK LAA 222 213 222 111 411 441 441 441 444
121 126  130  131   VRR BBB 333 333 333 111 221 411 413 411 444
122 127  131  132   DKD PPP 333 111 333 111 121 112 414 414 444
123 128  132  133   LII BPB 333 333 333 111 131 111 444 444 444
124 129  133  134   LNT BBB 333 333 333 111 211 214 444 444 444
125 130  134  135   IIV PBB 333 333 333 111 111 114 444 444 444
126 131  135  136   NTD AAA 221 331 121 111 321 141 444 444 444
127 132  136  137   DGS BBB 333 333 333 111 241 144 444 444 444
128 133  137  138   IMV BBB 333 333 333 111 122 124 414 444 444
129 134  138  139   TQS BBB 333 333 333 111 121 414 414 444 444
130 135  139  140   VML BBB 333 333 333 111 111 421 424 444 444
131 136  140  141   RVS BBB 333 333 333 111 113 144 144 244 444
132 137  141  142   PPP PPP 333 111 222 111 112 221 112 444 444
133 138  142  143   TKG BPP 331 311 333 111 124 414 414 414 444
134  ----143   ---- -I- -P- -3- -1- -3- -1- -1- -1- -4- -4- -4-
135 139   ---- ---- V-- B-- 3-- 3-- 3-- 1-- 1-- 4-- 4-- 4-- 4--
136 140   ---- ---- I-- B-- 1-- 3-- 3-- 1-- 1-- 1-- 4-- 4-- 4--
137 141   ---- ---- A-- L-- 1-- 2-- 2-- 1-- 4-- 4-- 4-- 4-- 4--
138 142   ---- ---- G-- L-- 3-- 2-- 2-- 1-- 4-- 4-- 4-- 4-- 4--
139 143   ---- ---- N-- B-- 3-- 3-- 3-- 1-- 1-- 1-- 4-- 4-- 4--
140 144  144  144   INL PPP 333 111 333 111 331 311 444 444 444
141  ---- ----145   --N --P --1 --1 --3 --1 --3 --1 --4 --4 --4
142  ---- ----146   --A --A --2 --1 --1 --1 --4 --4 --4 --4 --4
143  ---- ----147   --T --A --3 --1 --1 --1 --2 --4 --4 --4 --4
144  ----145  148   -PG -AL -22 -12 -12 -11 -14 -24 -14 -44 -44
145  ----146   ---- -S- -A- -3- -1- -2- -1- -2- -4- -4- -4- -4-
146  ----147  149   -KR -LA -32 -23 -22 -11 -11 -11 -23 -23 -44
147  ----148  150   -AE -BB -33 -33 -33 -11 -41 -41 -41 -44 -44
148 145   ---- ---- K-- B-- 2-- 3-- 3-- 1-- 1-- 1-- 1-- 1-- 4--
149 146   ---- ---- G-- L-- 3-- 2-- 2-- 1-- 4-- 4-- 4-- 4-- 4--
150 147  149  151   NFF BBB 233 133 233 111 233 221 444 444 444
151 148  150  152   TVS BPP 333 311 333 111 313 444 444 444 444
152  ----151  153   -GA -AA -23 -33 -22 -11 -44 -44 -44 -44 -44
153  ----152  154   -SN -PP -13 -11 -33 -11 -12 -41 -44 -44 -44
154  ----153  155   -SK -PP -33 -11 -33 -11 -11 -41 -42 -42 -44
155 149   ---- ---- M-- P-- 3-- 1-- 3-- 1-- 1-- 2-- 3-- 4-- 4--
156 150  154  156   SNF BBB 333 333 333 111 323 412 444 444 444
157 151  155  157   NTV BBB 333 333 333 111 211 144 444 444 444
158 152  156  158   TSL BBB 333 333 333 111 121 441 444 444 444
159 153  157  159   YSY BBB 333 333 333 111 212 242 444 444 444
160 154  158  160   FFF BBB 333 333 333 111 332 222 444 444 444
161 155  159  161   STK PBB 333 133 333 111 112 441 441 443 444
162 156  160  162   SPP BPP 333 311 322 111 111 422 411 444 444
163 157  161  163   KVT BBB 333 333 333 111 131 144 144 144 444
164 158  162  164   DSV PBP 333 131 333 111 111 144 444 444 444
165 159  163  165   IIL BBB 333 333 333 111 111 111 444 444 444
166 160  164  166   KDK PPP 313 111 333 111 111 322 142 141 444
167 161  165  167   SEK APP 312 111 233 111 313 411 411 442 444
168 162   ---- ---- S-- P-- 3-- 1-- 3-- 1-- 1-- 4-- 4-- 4-- 4--
169 163  166  168   SDN ALL 232 322 112 111 321 422 444 444 444
170 164   ---- ---- S-- A-- 2-- 3-- 1-- 1-- 1-- 4-- 4-- 4-- 4--
171 165  167  169   KER BPB 333 313 333 111 212 211 112 141 444
172 166  168  170   IVI BBP 333 333 333 111 111 241 444 444 444
173 167  169  171   TGN PBB 333 333 333 111 141 441 444 444 444
174 168  170  172   LTT BBP 333 331 333 111 121 144 444 444 444
175 169  171  173   IFL BBB 333 333 333 111 122 222 444 444 444
176 170  172  174   DVV PPB 333 113 333 111 112 144 444 444 444
177 171  173  175   VCF BBB 333 333 333 111 133 442 444 444 444
178 172  174  176   CGG BBB 333 333 333 111 244 444 444 444 444
179 173  175  177   STA BBB 333 333 333 111 214 444 444 444 444
180 174  176  178   KTT BBB 333 333 333 111 211 144 144 144 444
181 175  177  179   FFF BBP 333 333 333 111 111 221 444 444 444
182  ----178  180   -GD -AA -22 -11 -21 -11 -41 -41 -44 -44 -44
183 176  179   ---- EA- AB- 11- 13- 13- 11- 14- 14- 14- 44- 44-
184 177  180  181   DPE BPB 133 313 323 111 311 122 411 444 444
185  ----181   ---- -I- -P- -3- -1- -3- -1- -1- -2- -4- -4- -4-
186 178   ----182   G-D A-P 3-3 1-1 2-3 1-1 4-1 4-1 4-4 4-4 4-4
187  ---- ----183   --I --P --3 --1 --3 --1 --1 --2 --4 --4 --4
188 179  182  184   AAD PBP 331 133 333 111 443 441 444 444 444
189  ----183  185   -AD -AA -22 -11 -11 -11 -41 -41 -44 -44 -44
190  ----184  186   -TT -PA -22 -13 -31 -11 -12 -44 -44 -44 -44
191  ----185   ---- -A- -L- -1- -2- -2- -1- -4- -4- -4- -4- -4-
192  ----186   ---- -G- -L- -3- -2- -2- -1- -4- -4- -4- -4- -4-
193  ----187  187   -GN -AA -22 -13 -22 -11 -43 -41 -44 -44 -44
194 180   ---- ---- A-- P-- 3-- 1-- 3-- 1-- 4-- 4-- 4-- 4-- 4--
195 181  188  188   FNR BAA 322 333 321 111 333 221 441 442 444
196 182  189  189   ELH BBB 333 331 333 111 112 112 144 444 444
197 183  190  190   AFY BBB 333 333 333 111 411 412 444 444 444
198 184  191  191   TDL BBB 333 333 333 111 111 411 444 444 444
199 185  192  192   MML BBB 333 333 333 111 222 112 214 444 444
200 186  193  193   NYS BBB 333 333 333 111 112 114 444 444 444
201 187  194  194   IVM BBB 333 333 333 111 121 141 441 444 444
202 188  195  195   GHR BBB 333 113 333 111 422 421 441 441 444
203 189  196  196   FVF BBB 333 333 333 111 111 242 444 444 444
204 190  197  197   TTS BBB 333 333 333 111 111 444 444 444 444
205 191  198  198   SYP BAP 322 331 322 111 111 422 441 444 444
206 192  199  199   KSG AAE 233 312 113 111 114 144 144 244 444
207  ---- ----200   --N --A --3 --3 --2 --1 --3 --1 --4 --4 --4
208  ----200   ---- -G- -E- -4- -2- -3- -1- -4- -4- -4- -4- -4-
209  ----201  201   -TD -UP -43 -31 -43 -41 -11 -41 -44 -44 -44
210  ---- ----202   --L --B --1 --3 --3 --1 --1 --1 --4 --4 --4
211  ---- ----203   --F --P --3 --1 --3 --1 --2 --2 --4 --4 --4
212  ---- ----204   --K --B --3 --3 --3 --1 --2 --1 --1 --3 --4
213  ---- ----205   --V --P --3 --1 --3 --1 --1 --4 --4 --4 --4
214  ---- ----206   --G --P --1 --1 --3 --1 --4 --4 --4 --4 --4
215  ---- ----207   --E --P --4 --1 --3 --1 --1 --2 --1 --4 --4
216  ---- ----208   --K --U --4 --1 --4 --4 --1 --3 --1 --1 --4
217 193   ---- ---- N-- B-- 3-- 1-- 3-- 1-- 1-- 1-- 4-- 4-- 4--
218 194   ---- ---- V-- P-- 3-- 1-- 3-- 1-- 1-- 4-- 4-- 4-- 4--
219 195   ---- ---- I-- P-- 3-- 3-- 3-- 1-- 1-- 1-- 4-- 4-- 4--
220 196   ---- ---- D-- B-- 3-- 3-- 3-- 1-- 2-- 1-- 4-- 4-- 4--
221 197   ---- ---- I-- B-- 3-- 3-- 3-- 1-- 1-- 1-- 4-- 4-- 4--
222 198   ---- ---- K-- B-- 3-- 3-- 3-- 1-- 1-- 1-- 1-- 1-- 4--
223 199   ---- ---- D-- B-- 3-- 3-- 3-- 1-- 2-- 1-- 4-- 4-- 4--
224 200   ---- ---- E-- P-- 4-- 1-- 3-- 1-- 1-- 1-- 1-- 4-- 4--
225 201   ---- ---- I-- U-- 4-- 3-- 4-- 4-- 1-- 1-- 4-- 4-- 4--

Sequence identity comparison (ID_TABLE):

   Diagonal       ... number of residues;
   Upper triangle ... number of identical residues;
   Lower triangle ... % sequence identity, id/min(length).

         2edmA @22ed6A @25hljA @2
2edmA @2      161      30      22
2ed6A @2       19     170      25
5hljA @2       14      15     169


Weighted pair-group average clustering based on a distance matrix:


                                                               .--- 2edmA @2.2    81.0000
                                                               |
        .---------------------------------------------------------- 2ed6A @2.0    85.5000
        |
      .------------------------------------------------------------ 5hljA @2.4

      +----+----+----+----+----+----+----+----+----+----+----+----+
    85.6800   84.8700   84.0600   83.2500   82.4400   81.6300   80.8200
         85.2750   84.4650   83.6550   82.8450   82.0350   81.2250



Total CPU time [seconds]                                 :       0.08
