
                         MODELLER 10.6, 2024/10/17, r12888

     PROTEIN STRUCTURE MODELLING BY SATISFACTION OF SPATIAL RESTRAINTS


                     Copyright(c) 1989-2024 Andrej Sali
                            All Rights Reserved

                             Written by A. Sali
                               with help from
              B. Webb, M.S. Madhusudhan, M-Y. Shen, G.Q. Dong,
          M.A. Marti-Renom, N. Eswar, F. Alber, M. Topf, B. Oliva,
             A. Fiser, R. Sanchez, B. Yerkovich, A. Badretdinov,
                     F. Melo, J.P. Overington, E. Feyfant
                 University of California, San Francisco, USA
                    Rockefeller University, New York, USA
                      Harvard University, Cambridge, USA
                   Imperial Cancer Research Fund, London, UK
              Birkbeck College, University of London, London, UK


Kind, OS, HostName, Kernel, Processor: 4, Windows 8 build 9200, LAPTOP-19NSVRQG, SMP, x64
Date and time of compilation         : 2024/10/17 20:35:41
MODELLER executable type             : x86_64-w64
Job starting time (YY/MM/DD HH:MM:SS): 2024/12/13 14:08:45

openf___224_> Open           $(LIB)/restyp.lib
openf___224_> Open           ${MODINSTALL10v6}/modlib/resgrp.lib
rdresgr_266_> Number of residue groups:        2
openf___224_> Open           ${MODINSTALL10v6}/modlib/sstruc.lib

Dynamically allocated memory at   amaxlibraries [B,KiB,MiB]:       191566     187.076     0.183

Dynamically allocated memory at   amaxlibraries [B,KiB,MiB]:       192094     187.592     0.183
openf___224_> Open           ${MODINSTALL10v6}/modlib/resdih.lib

Dynamically allocated memory at   amaxlibraries [B,KiB,MiB]:       240694     235.053     0.230
rdrdih__263_> Number of dihedral angle types         :        9
              Maximal number of dihedral angle optima:        3
              Dihedral angle names                   :  Alph Phi Psi Omeg chi1 chi2 chi3 chi4 chi5
openf___224_> Open           ${MODINSTALL10v6}/modlib/radii.lib

Dynamically allocated memory at   amaxlibraries [B,KiB,MiB]:       253994     248.041     0.242
openf___224_> Open           ${MODINSTALL10v6}/modlib/af_mnchdef.lib
rdwilmo_274_> Mainchain residue conformation classes:  APBLE
openf___224_> Open           ${MODINSTALL10v6}/modlib/mnch.lib
rdclass_257_> Number of classes:        5
openf___224_> Open           ${MODINSTALL10v6}/modlib/mnch1.lib
openf___224_> Open           ${MODINSTALL10v6}/modlib/mnch2.lib
openf___224_> Open           ${MODINSTALL10v6}/modlib/mnch3.lib
openf___224_> Open           ${MODINSTALL10v6}/modlib/xs4.mat
rdrrwgh_268_> Number of residue types:       21
openf___224_> Open           $(LIB)/top_heav.lib
read_to_681_> topology.submodel read from topology file:        3
openf___224_> Open           $(LIB)/par.lib

Dynamically allocated memory at  amaxparameters [B,KiB,MiB]:       393438     384.217     0.375

Dynamically allocated memory at  amaxparameters [B,KiB,MiB]:       395038     385.779     0.377

Dynamically allocated memory at  amaxparameters [B,KiB,MiB]:       399018     389.666     0.381

Dynamically allocated memory at  amaxparameters [B,KiB,MiB]:       401018     391.619     0.382

Dynamically allocated memory at  amaxparameters [B,KiB,MiB]:       404018     394.549     0.385

Dynamically allocated memory at  amaxparameters [B,KiB,MiB]:       408518     398.943     0.390

Dynamically allocated memory at  amaxparameters [B,KiB,MiB]:       414090     404.385     0.395

Dynamically allocated memory at  amaxparameters [B,KiB,MiB]:       416890     407.119     0.398

Dynamically allocated memory at  amaxparameters [B,KiB,MiB]:       421090     411.221     0.402

Dynamically allocated memory at  amaxparameters [B,KiB,MiB]:       427390     417.373     0.408

Dynamically allocated memory at  amaxparameters [B,KiB,MiB]:       430162     420.080     0.410

Dynamically allocated memory at  amaxparameters [B,KiB,MiB]:       431562     421.447     0.412
read_pa_232_> parameters    BONDS   ANGLS  DIHEDS IMPROPS    MODE
                              227     561     661     112       0
openf___224_> Open           querysequence.B99990002.pdb

Dynamically allocated memory at amaxcoordinates [B,KiB,MiB]:       442599     432.226     0.422

Dynamically allocated memory at    amaxsequence [B,KiB,MiB]:       442675     432.300     0.422

Dynamically allocated memory at amaxcoordinates [B,KiB,MiB]:       442846     432.467     0.422

Dynamically allocated memory at amaxcoordinates [B,KiB,MiB]:       443696     433.297     0.423

Dynamically allocated memory at amaxcoordinates [B,KiB,MiB]:       444954     434.525     0.424

Dynamically allocated memory at amaxcoordinates [B,KiB,MiB]:       446858     436.385     0.426

Dynamically allocated memory at    amaxsequence [B,KiB,MiB]:       446898     436.424     0.426

Dynamically allocated memory at amaxcoordinates [B,KiB,MiB]:       446988     436.512     0.426

Dynamically allocated memory at amaxcoordinates [B,KiB,MiB]:       449844     439.301     0.429

Dynamically allocated memory at    amaxsequence [B,KiB,MiB]:       449904     439.359     0.429

Dynamically allocated memory at amaxcoordinates [B,KiB,MiB]:       450039     439.491     0.429

Dynamically allocated memory at amaxcoordinates [B,KiB,MiB]:       454323     443.675     0.433

Dynamically allocated memory at    amaxsequence [B,KiB,MiB]:       454411     443.761     0.433

Dynamically allocated memory at amaxcoordinates [B,KiB,MiB]:       454609     443.954     0.434

Dynamically allocated memory at amaxcoordinates [B,KiB,MiB]:       461035     450.229     0.440

Dynamically allocated memory at    amaxsequence [B,KiB,MiB]:       461167     450.358     0.440

Dynamically allocated memory at amaxcoordinates [B,KiB,MiB]:       461464     450.648     0.440

Dynamically allocated memory at amaxcoordinates [B,KiB,MiB]:       471086     460.045     0.449

Dynamically allocated memory at    amaxsequence [B,KiB,MiB]:       471286     460.240     0.449

Dynamically allocated memory at amaxcoordinates [B,KiB,MiB]:       471736     460.680     0.450

Dynamically allocated memory at amaxcoordinates [B,KiB,MiB]:       486186     474.791     0.464

Dynamically allocated memory at    amaxsequence [B,KiB,MiB]:       486486     475.084     0.464

Dynamically allocated memory at amaxcoordinates [B,KiB,MiB]:       487161     475.743     0.465

Dynamically allocated memory at amaxcoordinates [B,KiB,MiB]:       508819     496.894     0.485

Dynamically allocated memory at       amaxmodel [B,KiB,MiB]:       663379     647.831     0.633
read_mo_297_> Segments, residues, atoms:        1      204     1554
read_mo_298_> Segment:        1  1:A  204:A     1554

Dynamically allocated memory at   amaxalignment [B,KiB,MiB]:       670247     654.538     0.639

Dynamically allocated memory at   amaxstructure [B,KiB,MiB]:       786947     768.503     0.750

Dynamically allocated memory at   amaxalignment [B,KiB,MiB]:       789351     770.851     0.753

Dynamically allocated memory at   amaxstructure [B,KiB,MiB]:       906051     884.815     0.864

Dynamically allocated memory at       amaxmodel [B,KiB,MiB]:       929227     907.448     0.886

mkilst______> segment topology constructed from sequence and RTF:
              segments residues  atoms  bonds angles dihedrals impropers:
                     1      204   1553   1579      0         0       659

Dynamically allocated memory at       amaxmodel [B,KiB,MiB]:       995575     972.241     0.949

patch_______> segment topology patched using RTF:  1 ;  MET  ;  NTER
              segments residues  atoms  bonds angles dihedrals impropers:
                     1      204   1553   1579   2146      2539       659


Dynamically allocated memory at       amaxmodel [B,KiB,MiB]:      1059591    1034.757     1.011
patch_______> segment topology patched using RTF:  204 ;  GLU  ;  CTER
              segments residues  atoms  bonds angles dihedrals impropers:
                     1      204   1554   1580   2148      2541       660

genseg______> segment topology constructed from sequence and RTF:
              segments residues  atoms  bonds angles dihedrals impropers:
                     1      204   1554   1580   2148      2541       660
transfe_506_> MODEL is an average of all templates.
transfe_511_> Number of templates for coordinate transfer:        1
              After transferring coordinates of the equivalent template atoms,
              there are defined, undefined atoms in MODEL:     1554        0
openf___224_> Open           ${LIB}/atmcls-mf.lib

Dynamically allocated memory at amaxgroup_restr [B,KiB,MiB]:       817347     798.190     0.779

Dynamically allocated memory at amaxgroup_restr [B,KiB,MiB]:       817411     798.253     0.780

Dynamically allocated memory at amaxgroup_restr [B,KiB,MiB]:       817469     798.310     0.780

Dynamically allocated memory at amaxgroup_restr [B,KiB,MiB]:       817533     798.372     0.780

Dynamically allocated memory at amaxgroup_restr [B,KiB,MiB]:       817599     798.437     0.780

Dynamically allocated memory at amaxgroup_restr [B,KiB,MiB]:       817663     798.499     0.780

Dynamically allocated memory at amaxgroup_restr [B,KiB,MiB]:       817819     798.651     0.780

Dynamically allocated memory at amaxgroup_restr [B,KiB,MiB]:       817947     798.776     0.780

Dynamically allocated memory at amaxgroup_restr [B,KiB,MiB]:       818241     799.063     0.780

Dynamically allocated memory at amaxgroup_restr [B,KiB,MiB]:       818433     799.251     0.781

Dynamically allocated memory at amaxgroup_restr [B,KiB,MiB]:       818937     799.743     0.781

Dynamically allocated memory at amaxgroup_restr [B,KiB,MiB]:       819193     799.993     0.781

Dynamically allocated memory at amaxgroup_restr [B,KiB,MiB]:       820189     800.966     0.782

Dynamically allocated memory at amaxgroup_restr [B,KiB,MiB]:       820573     801.341     0.783

Dynamically allocated memory at amaxgroup_restr [B,KiB,MiB]:       821149     801.903     0.783

Dynamically allocated memory at amaxgroup_restr [B,KiB,MiB]:       823183     803.890     0.785

Dynamically allocated memory at amaxgroup_restr [B,KiB,MiB]:       824079     804.765     0.786

Dynamically allocated memory at amaxgroup_restr [B,KiB,MiB]:       828531     809.112     0.790

Dynamically allocated memory at amaxgroup_restr [B,KiB,MiB]:       829875     810.425     0.791

Dynamically allocated memory at amaxgroup_restr [B,KiB,MiB]:       839493     819.817     0.801

Dynamically allocated memory at amaxgroup_restr [B,KiB,MiB]:       841477     821.755     0.802

Dynamically allocated memory at amaxgroup_restr [B,KiB,MiB]:       862123     841.917     0.822

Dynamically allocated memory at amaxgroup_restr [B,KiB,MiB]:       865131     844.854     0.825

Dynamically allocated memory at amaxgroup_restr [B,KiB,MiB]:       911097     889.743     0.869

Dynamically allocated memory at amaxgroup_restr [B,KiB,MiB]:       915577     894.118     0.873

Dynamically allocated memory at amaxgroup_restr [B,KiB,MiB]:      1016797     992.966     0.970
openf___224_> Open           ${LIB}/dist-mf.lib

Dynamically allocated memory at amaxgroup_restr [B,KiB,MiB]:      1017193     993.353     0.970

Dynamically allocated memory at amaxgroup_restr [B,KiB,MiB]:      1017989     994.130     0.971

Dynamically allocated memory at amaxgroup_restr [B,KiB,MiB]:      1018785     994.907     0.972

Dynamically allocated memory at amaxgroup_restr [B,KiB,MiB]:      1019973     996.067     0.973

Dynamically allocated memory at amaxgroup_restr [B,KiB,MiB]:      1020373     996.458     0.973

Dynamically allocated memory at amaxgroup_restr [B,KiB,MiB]:      1020973     997.044     0.974

Dynamically allocated memory at amaxgroup_restr [B,KiB,MiB]:      1021873     997.923     0.975

Dynamically allocated memory at amaxgroup_restr [B,KiB,MiB]:      1023221     999.239     0.976

Dynamically allocated memory at amaxgroup_restr [B,KiB,MiB]:      1023421     999.435     0.976

Dynamically allocated memory at amaxgroup_restr [B,KiB,MiB]:      1025445    1001.411     0.978

Dynamically allocated memory at amaxgroup_restr [B,KiB,MiB]:      1025745    1001.704     0.978

Dynamically allocated memory at amaxgroup_restr [B,KiB,MiB]:      1028781    1004.669     0.981

Dynamically allocated memory at amaxgroup_restr [B,KiB,MiB]:      1029229    1005.106     0.982

Dynamically allocated memory at amaxgroup_restr [B,KiB,MiB]:      1033781    1009.552     0.986

Dynamically allocated memory at amaxgroup_restr [B,KiB,MiB]:      1034453    1010.208     0.987

Dynamically allocated memory at amaxgroup_restr [B,KiB,MiB]:      1041281    1016.876     0.993

Dynamically allocated memory at amaxgroup_restr [B,KiB,MiB]:      1042289    1017.860     0.994

Dynamically allocated memory at amaxgroup_restr [B,KiB,MiB]:      1052533    1027.864     1.004

Dynamically allocated memory at amaxgroup_restr [B,KiB,MiB]:      1053133    1028.450     1.004

Dynamically allocated memory at amaxgroup_restr [B,KiB,MiB]:      1053533    1028.841     1.005

Dynamically allocated memory at amaxgroup_restr [B,KiB,MiB]:      1055045    1030.317     1.006

Dynamically allocated memory at amaxgroup_restr [B,KiB,MiB]:      1070409    1045.321     1.021

Dynamically allocated memory at amaxgroup_restr [B,KiB,MiB]:      1071309    1046.200     1.022

Dynamically allocated memory at amaxgroup_restr [B,KiB,MiB]:      1071909    1046.786     1.022

Dynamically allocated memory at amaxgroup_restr [B,KiB,MiB]:      1074177    1049.001     1.024

Dynamically allocated memory at amaxgroup_restr [B,KiB,MiB]:      1097225    1071.509     1.046

Dynamically allocated memory at amaxgroup_restr [B,KiB,MiB]:      1098569    1072.821     1.048

Dynamically allocated memory at amaxgroup_restr [B,KiB,MiB]:      1099469    1073.700     1.049

Dynamically allocated memory at amaxgroup_restr [B,KiB,MiB]:      1102873    1077.024     1.052

Dynamically allocated memory at amaxgroup_restr [B,KiB,MiB]:      1137445    1110.786     1.085

Dynamically allocated memory at amaxgroup_restr [B,KiB,MiB]:      1139461    1112.755     1.087

Dynamically allocated memory at amaxgroup_restr [B,KiB,MiB]:      1140809    1114.071     1.088

Dynamically allocated memory at amaxgroup_restr [B,KiB,MiB]:      1145913    1119.056     1.093

Dynamically allocated memory at amaxgroup_restr [B,KiB,MiB]:      1197769    1169.696     1.142

Dynamically allocated memory at amaxgroup_restr [B,KiB,MiB]:      1200793    1172.649     1.145

Dynamically allocated memory at amaxgroup_restr [B,KiB,MiB]:      1202817    1174.626     1.147

Dynamically allocated memory at amaxgroup_restr [B,KiB,MiB]:      1210473    1182.103     1.154

Dynamically allocated memory at amaxgroup_restr [B,KiB,MiB]:      1288257    1258.063     1.229

Dynamically allocated memory at amaxgroup_restr [B,KiB,MiB]:      1292793    1262.493     1.233

Dynamically allocated memory at amaxgroup_restr [B,KiB,MiB]:      1295829    1265.458     1.236

Dynamically allocated memory at amaxgroup_restr [B,KiB,MiB]:      1307313    1276.673     1.247

Dynamically allocated memory at amaxgroup_restr [B,KiB,MiB]:      1423989    1390.614     1.358

Dynamically allocated memory at amaxgroup_restr [B,KiB,MiB]:      1430793    1397.259     1.365

Dynamically allocated memory at amaxgroup_restr [B,KiB,MiB]:      1435345    1401.704     1.369

Dynamically allocated memory at amaxgroup_restr [B,KiB,MiB]:      1452573    1418.528     1.385

Dynamically allocated memory at amaxgroup_restr [B,KiB,MiB]:      1627589    1589.442     1.552

Dynamically allocated memory at amaxgroup_restr [B,KiB,MiB]:      1637801    1599.415     1.562

Dynamically allocated memory at amaxgroup_restr [B,KiB,MiB]:      1644629    1606.083     1.568

Dynamically allocated memory at amaxgroup_restr [B,KiB,MiB]:      1670469    1631.317     1.593

Dynamically allocated memory at amaxgroup_restr [B,KiB,MiB]:      1932993    1887.688     1.843

Dynamically allocated memory at amaxgroup_restr [B,KiB,MiB]:      1948305    1902.642     1.858

Dynamically allocated memory at amaxgroup_restr [B,KiB,MiB]:      1958549    1912.646     1.868

Dynamically allocated memory at amaxgroup_restr [B,KiB,MiB]:      1997309    1950.497     1.905

Dynamically allocated memory at amaxgroup_restr [B,KiB,MiB]:      2391093    2335.052     2.280

Dynamically allocated memory at amaxgroup_restr [B,KiB,MiB]:      2414061    2357.481     2.302

Dynamically allocated memory at amaxgroup_restr [B,KiB,MiB]:      2429425    2372.485     2.317

Dynamically allocated memory at amaxgroup_restr [B,KiB,MiB]:      2487565    2429.263     2.372

Dynamically allocated memory at amaxgroup_restr [B,KiB,MiB]:      3078241    3006.095     2.936

Dynamically allocated memory at amaxgroup_restr [B,KiB,MiB]:      3112693    3039.739     2.968

Dynamically allocated memory at amaxgroup_restr [B,KiB,MiB]:      3135741    3062.247     2.990

Dynamically allocated memory at amaxgroup_restr [B,KiB,MiB]:      3222953    3147.415     3.074

Dynamically allocated memory at amaxgroup_restr [B,KiB,MiB]:      4108969    4012.665     3.919

Dynamically allocated memory at amaxgroup_restr [B,KiB,MiB]:      4160653    4063.138     3.968

Dynamically allocated memory at amaxgroup_restr [B,KiB,MiB]:      4195225    4096.899     4.001

Dynamically allocated memory at amaxgroup_restr [B,KiB,MiB]:      4326041    4224.649     4.126

Dynamically allocated memory at amaxgroup_restr [B,KiB,MiB]:      5655065    5522.524     5.393
read_pa_232_> parameters    BONDS   ANGLS  DIHEDS IMPROPS    MODE
                                0       0       0       0   12561
>> Model assessment by DOPE potential
iatmcls_286W> MODEL atom not classified:  GLU:OXT  GLU
preppdf_453W> No fixed restraints selected; there may be some dynamic ones.
preppdf_454W> Restraints file was probably not read; use restraints.append().

Dynamically allocated memory at amaxhash_contac [B,KiB,MiB]:      6102741    5959.708     5.820

Dynamically allocated memory at  amaxrestraints [B,KiB,MiB]:      6432641    6281.876     6.135

Dynamically allocated memory at  amaxrestraints [B,KiB,MiB]:      6469937    6318.298     6.170

Dynamically allocated memory at  amaxrestraints [B,KiB,MiB]:      6544529    6391.142     6.241

Dynamically allocated memory at  amaxrestraints [B,KiB,MiB]:      6693713    6536.829     6.384

Dynamically allocated memory at  amaxrestraints [B,KiB,MiB]:      6992081    6828.204     6.668

Dynamically allocated memory at  amaxrestraints [B,KiB,MiB]:      7588817    7410.954     7.237

Dynamically allocated memory at  amaxrestraints [B,KiB,MiB]:      8782289    8576.454     8.375


>> ENERGY; Differences between the model's features and restraints:
Number of all residues in MODEL                   :      204
Number of all, selected real atoms                :     1554    1554
Number of all, selected pseudo atoms              :        0       0
Number of all static, selected restraints         :        0       0
COVALENT_CYS                                      :        F
NONBONDED_SEL_ATOMS                               :        1
Number of non-bonded pairs (excluding 1-2,1-3,1-4):   233141
Dynamic pairs routine                             : 1, NATM x NATM double loop
Atomic shift for contacts update (UPDATE_DYNAMIC) :    0.390
LENNARD_JONES_SWITCH                              :    6.500   7.500
COULOMB_JONES_SWITCH                              :    6.500   7.500
RESIDUE_SPAN_RANGE                                :        1    9999
NLOGN_USE                                         :       15
CONTACT_SHELL                                     :   15.000
DYNAMIC_PAIRS,_SPHERE,_COULOMB,_LENNARD,_MODELLER :        T       F       F       F       T
SPHERE_STDV                                       :    0.050
RADII_FACTOR                                      :    0.820
Current energy                                    :      -18430.7852





Summary of the restraint violations: 

   NUM     ... number of restraints.
   NUMVI   ... number of restraints with RVIOL > VIOL_REPORT_CUT[i].
   RVIOL   ... relative difference from the best value.
   NUMVP   ... number of restraints with -Ln(pdf) > VIOL_REPORT_CUT2[i].
   RMS_1   ... RMS(feature, minimally_violated_basis_restraint, NUMB).
   RMS_2   ... RMS(feature, best_value, NUMB).
   MOL.PDF ... scaled contribution to -Ln(Molecular pdf).

 #                     RESTRAINT_GROUP      NUM   NUMVI  NUMVP   RMS_1   RMS_2         MOL.PDF     S_i
------------------------------------------------------------------------------------------------------
 1 Bond length potential              :       0       0      0   0.000   0.000      0.0000       0.000
 2 Bond angle potential               :       0       0      0   0.000   0.000      0.0000       0.000
 3 Stereochemical cosine torsion poten:       0       0      0   0.000   0.000      0.0000       0.000
 4 Stereochemical improper torsion pot:       0       0      0   0.000   0.000      0.0000       0.000
 5 Soft-sphere overlap restraints     :       0       0      0   0.000   0.000      0.0000       0.000
 6 Lennard-Jones 6-12 potential       :       0       0      0   0.000   0.000      0.0000       0.000
 7 Coulomb point-point electrostatic p:       0       0      0   0.000   0.000      0.0000       0.000
 8 H-bonding potential                :       0       0      0   0.000   0.000      0.0000       0.000
 9 Distance restraints 1 (CA-CA)      :       0       0      0   0.000   0.000      0.0000       0.000
10 Distance restraints 2 (N-O)        :       0       0      0   0.000   0.000      0.0000       0.000
11 Mainchain Phi dihedral restraints  :       0       0      0   0.000   0.000      0.0000       0.000
12 Mainchain Psi dihedral restraints  :       0       0      0   0.000   0.000      0.0000       0.000
13 Mainchain Omega dihedral restraints:       0       0      0   0.000   0.000      0.0000       0.000
14 Sidechain Chi_1 dihedral restraints:       0       0      0   0.000   0.000      0.0000       0.000
15 Sidechain Chi_2 dihedral restraints:       0       0      0   0.000   0.000      0.0000       0.000
16 Sidechain Chi_3 dihedral restraints:       0       0      0   0.000   0.000      0.0000       0.000
17 Sidechain Chi_4 dihedral restraints:       0       0      0   0.000   0.000      0.0000       0.000
18 Disulfide distance restraints      :       0       0      0   0.000   0.000      0.0000       0.000
19 Disulfide angle restraints         :       0       0      0   0.000   0.000      0.0000       0.000
20 Disulfide dihedral angle restraints:       0       0      0   0.000   0.000      0.0000       0.000
21 Lower bound distance restraints    :       0       0      0   0.000   0.000      0.0000       0.000
22 Upper bound distance restraints    :       0       0      0   0.000   0.000      0.0000       0.000
23 Distance restraints 3 (SDCH-MNCH)  :       0       0      0   0.000   0.000      0.0000       0.000
24 Sidechain Chi_5 dihedral restraints:       0       0      0   0.000   0.000      0.0000       0.000
25 Phi/Psi pair of dihedral restraints:       0       0      0   0.000   0.000      0.0000       0.000
26 Distance restraints 4 (SDCH-SDCH)  :       0       0      0   0.000   0.000      0.0000       0.000
27 Distance restraints 5 (X-Y)        :       0       0      0   0.000   0.000      0.0000       0.000
28 NMR distance restraints 6 (X-Y)    :       0       0      0   0.000   0.000      0.0000       0.000
29 NMR distance restraints 7 (X-Y)    :       0       0      0   0.000   0.000      0.0000       0.000
30 Minimal distance restraints        :       0       0      0   0.000   0.000      0.0000       0.000
31 Non-bonded restraints              :  233007       0    253   6.702   6.702     -18431.       1.000
32 Atomic accessibility restraints    :       0       0      0   0.000   0.000      0.0000       0.000
33 Atomic density restraints          :       0       0      0   0.000   0.000      0.0000       0.000
34 Absolute position restraints       :       0       0      0   0.000   0.000      0.0000       0.000
35 Dihedral angle difference restraint:       0       0      0   0.000   0.000      0.0000       0.000
36 GBSA implicit solvent potential    :       0       0      0   0.000   0.000      0.0000       0.000
37 EM density fitting potential       :       0       0      0   0.000   0.000      0.0000       0.000
38 SAXS restraints                    :       0       0      0   0.000   0.000      0.0000       0.000
39 Symmetry restraints                :       0       0      0   0.000   0.000      0.0000       0.000
do_prof_492W> Are you sure you want to calculate a normalized energy profile!



openf___224_> Open           querysequence.profile
# Energy of each residue is written to: querysequence.profile
# The profile IS normalized by the number of restraints.
# The profiles are smoothed over a window of residues:   13
# The sum of all numbers in the file:      -8.5272

<< end of ENERGY.
DOPE score               : -18430.785156

Dynamically allocated memory at          finish [B,KiB,MiB]:      8489517    8290.544     8.096
Starting time                                            : 2024/12/13 14:08:45
Closing time                                             : 2024/12/13 14:08:46
Total CPU time [seconds]                                 :       0.64
