
                         MODELLER 10.6, 2024/10/17, r12888

     PROTEIN STRUCTURE MODELLING BY SATISFACTION OF SPATIAL RESTRAINTS


                     Copyright(c) 1989-2024 Andrej Sali
                            All Rights Reserved

                             Written by A. Sali
                               with help from
              B. Webb, M.S. Madhusudhan, M-Y. Shen, G.Q. Dong,
          M.A. Marti-Renom, N. Eswar, F. Alber, M. Topf, B. Oliva,
             A. Fiser, R. Sanchez, B. Yerkovich, A. Badretdinov,
                     F. Melo, J.P. Overington, E. Feyfant
                 University of California, San Francisco, USA
                    Rockefeller University, New York, USA
                      Harvard University, Cambridge, USA
                   Imperial Cancer Research Fund, London, UK
              Birkbeck College, University of London, London, UK


Kind, OS, HostName, Kernel, Processor: 4, Windows 8 build 9200, LAPTOP-19NSVRQG, SMP, x64
Date and time of compilation         : 2024/10/17 20:35:41
MODELLER executable type             : x86_64-w64
Job starting time (YY/MM/DD HH:MM:SS): 2024/12/13 14:07:32


check_ali___> Checking the sequence-structure alignment. 

Implied intrachain target CA(i)-CA(i+1) distances longer than  8.0 angstroms:

ALN_POS  TMPL  RID1  RID2  NAM1  NAM2     DIST
----------------------------------------------
END OF TABLE
read_to_681_> topology.submodel read from topology file:        3
mdtrsr__446W> A potential that relies on one protein is used, yet you have at
              least one known structure available. MDT, not library, potential is used.
0 atoms in HETATM/BLK residues constrained
to protein atoms within 2.30 angstroms
and protein CA atoms within 10.00 angstroms
0 atoms in residues without defined topology
constrained to be rigid bodies
condens_443_> Restraints marked for deletion were removed.
              Total number of restraints before, now:    18435    17033
iupac_m_397W> Atoms were not swapped because of the uncertainty of how to handle the H atom.
iupac_m_397W> Atoms were not swapped because of the uncertainty of how to handle the H atom.
iupac_m_397W> Atoms were not swapped because of the uncertainty of how to handle the H atom.
iupac_m_397W> Atoms were not swapped because of the uncertainty of how to handle the H atom.
iupac_m_397W> Atoms were not swapped because of the uncertainty of how to handle the H atom.
>> Model assessment by DOPE potential
iatmcls_286W> MODEL atom not classified:  GLU:OXT  GLU


>> ENERGY; Differences between the model's features and restraints:
Number of all residues in MODEL                   :      204
Number of all, selected real atoms                :     1554    1554
Number of all, selected pseudo atoms              :        0       0
Number of all static, selected restraints         :    17033   17033
COVALENT_CYS                                      :        F
NONBONDED_SEL_ATOMS                               :        1
Number of non-bonded pairs (excluding 1-2,1-3,1-4):   230001
Dynamic pairs routine                             : 1, NATM x NATM double loop
Atomic shift for contacts update (UPDATE_DYNAMIC) :    0.390
LENNARD_JONES_SWITCH                              :    6.500   7.500
COULOMB_JONES_SWITCH                              :    6.500   7.500
RESIDUE_SPAN_RANGE                                :        1    9999
NLOGN_USE                                         :       15
CONTACT_SHELL                                     :   15.000
DYNAMIC_PAIRS,_SPHERE,_COULOMB,_LENNARD,_MODELLER :        T       F       F       F       T
SPHERE_STDV                                       :    0.050
RADII_FACTOR                                      :    0.820
Current energy                                    :      -18186.3848




<< end of ENERGY.
DOPE score               : -18186.384766
>> Model assessment by GA341 potential

Surface library          : C:\Program Files\Modeller10.6/modlib/surf5.de
Pair library             : C:\Program Files\Modeller10.6/modlib/pair9.de
Chain identifier         : _
% sequence identity      :   100.000000
Sequence length          :          204
Compactness              :     0.033601
Native energy (pair)     :   -88.109214
Native energy (surface)  :    -2.167644
Native energy (combined) :    -3.672187
Z score (pair)           :    -4.840387
Z score (surface)        :    -4.095423
Z score (combined)       :    -6.261461
GA341 score              :     1.000000



>> ENERGY; Differences between the model's features and restraints:
Number of all residues in MODEL                   :      204
Number of all, selected real atoms                :     1554    1554
Number of all, selected pseudo atoms              :        0       0
Number of all static, selected restraints         :    17033   17033
COVALENT_CYS                                      :        F
NONBONDED_SEL_ATOMS                               :        1
Number of non-bonded pairs (excluding 1-2,1-3,1-4):     2949
Dynamic pairs routine                             : 2, NATM x NATM cell sorting
Atomic shift for contacts update (UPDATE_DYNAMIC) :    0.390
LENNARD_JONES_SWITCH                              :    6.500   7.500
COULOMB_JONES_SWITCH                              :    6.500   7.500
RESIDUE_SPAN_RANGE                                :        0   99999
NLOGN_USE                                         :       15
CONTACT_SHELL                                     :    4.000
DYNAMIC_PAIRS,_SPHERE,_COULOMB,_LENNARD,_MODELLER :        T       T       F       F       F
SPHERE_STDV                                       :    0.050
RADII_FACTOR                                      :    0.820
Current energy                                    :        1109.7074





Summary of the restraint violations: 

   NUM     ... number of restraints.
   NUMVI   ... number of restraints with RVIOL > VIOL_REPORT_CUT[i].
   RVIOL   ... relative difference from the best value.
   NUMVP   ... number of restraints with -Ln(pdf) > VIOL_REPORT_CUT2[i].
   RMS_1   ... RMS(feature, minimally_violated_basis_restraint, NUMB).
   RMS_2   ... RMS(feature, best_value, NUMB).
   MOL.PDF ... scaled contribution to -Ln(Molecular pdf).

 #                     RESTRAINT_GROUP      NUM   NUMVI  NUMVP   RMS_1   RMS_2         MOL.PDF     S_i
------------------------------------------------------------------------------------------------------
 1 Bond length potential              :    1580       0      0   0.004   0.004      9.2237       1.000
 2 Bond angle potential               :    2148       0      3   1.670   1.670      117.41       1.000
 3 Stereochemical cosine torsion poten:     998       0     42  51.602  51.602      430.39       1.000
 4 Stereochemical improper torsion pot:     654       0      0   1.041   1.041      15.736       1.000
 5 Soft-sphere overlap restraints     :    2949       0      0   0.002   0.002     0.82982       1.000
 6 Lennard-Jones 6-12 potential       :       0       0      0   0.000   0.000      0.0000       1.000
 7 Coulomb point-point electrostatic p:       0       0      0   0.000   0.000      0.0000       1.000
 8 H-bonding potential                :       0       0      0   0.000   0.000      0.0000       1.000
 9 Distance restraints 1 (CA-CA)      :    3074       0      0   0.105   0.105      38.477       1.000
10 Distance restraints 2 (N-O)        :    3339       3      8   0.188   0.188      112.99       1.000
11 Mainchain Phi dihedral restraints  :       0       0      0   0.000   0.000      0.0000       1.000
12 Mainchain Psi dihedral restraints  :       0       0      0   0.000   0.000      0.0000       1.000
13 Mainchain Omega dihedral restraints:     203       0      0   3.302   3.302      26.096       1.000
14 Sidechain Chi_1 dihedral restraints:     176       0      0  61.493  61.493      5.6787       1.000
15 Sidechain Chi_2 dihedral restraints:     113       0      0  66.554  66.554      34.430       1.000
16 Sidechain Chi_3 dihedral restraints:      44       0      1  75.159  75.159      31.639       1.000
17 Sidechain Chi_4 dihedral restraints:      15       0      0  76.763  76.763      7.7419       1.000
18 Disulfide distance restraints      :       0       0      0   0.000   0.000      0.0000       1.000
19 Disulfide angle restraints         :       0       0      0   0.000   0.000      0.0000       1.000
20 Disulfide dihedral angle restraints:       0       0      0   0.000   0.000      0.0000       1.000
21 Lower bound distance restraints    :       0       0      0   0.000   0.000      0.0000       1.000
22 Upper bound distance restraints    :       0       0      0   0.000   0.000      0.0000       1.000
23 Distance restraints 3 (SDCH-MNCH)  :    2999       0      0   0.464   0.464      113.40       1.000
24 Sidechain Chi_5 dihedral restraints:       0       0      0   0.000   0.000      0.0000       1.000
25 Phi/Psi pair of dihedral restraints:     202      25     12  24.465  63.279      62.910       1.000
26 Distance restraints 4 (SDCH-SDCH)  :    1488       0      1   0.715   0.715      102.76       1.000
27 Distance restraints 5 (X-Y)        :       0       0      0   0.000   0.000      0.0000       1.000
28 NMR distance restraints 6 (X-Y)    :       0       0      0   0.000   0.000      0.0000       1.000
29 NMR distance restraints 7 (X-Y)    :       0       0      0   0.000   0.000      0.0000       1.000
30 Minimal distance restraints        :       0       0      0   0.000   0.000      0.0000       1.000
31 Non-bonded restraints              :       0       0      0   0.000   0.000      0.0000       1.000
32 Atomic accessibility restraints    :       0       0      0   0.000   0.000      0.0000       1.000
33 Atomic density restraints          :       0       0      0   0.000   0.000      0.0000       1.000
34 Absolute position restraints       :       0       0      0   0.000   0.000      0.0000       1.000
35 Dihedral angle difference restraint:       0       0      0   0.000   0.000      0.0000       1.000
36 GBSA implicit solvent potential    :       0       0      0   0.000   0.000      0.0000       1.000
37 EM density fitting potential       :       0       0      0   0.000   0.000      0.0000       1.000
38 SAXS restraints                    :       0       0      0   0.000   0.000      0.0000       1.000
39 Symmetry restraints                :       0       0      0   0.000   0.000      0.0000       1.000



# Heavy relative violation of each residue is written to: querysequence.V99990001
# The profile is NOT normalized by the number of restraints.
# The profiles are smoothed over a window of residues:    1
# The sum of all numbers in the file:   19682.6074



List of the violated restraints:
   A restraint is violated when the relative difference
   from the best value (RVIOL) is larger than CUTOFF.

   ICSR   ... index of a restraint in the current set.
   RESNO  ... residue numbers of the first two atoms.
   ATM    ... IUPAC atom names of the first two atoms.
   FEAT   ... the value of the feature in the model.
   restr  ... the mean of the basis restraint with the smallest
              difference from the model (local minimum).
   viol   ... difference from the local minimum.
   rviol  ... relative difference from the local minimum.
   RESTR  ... the best value (global minimum).
   VIOL   ... difference from the best value.
   RVIOL  ... relative difference from the best value.


-------------------------------------------------------------------------------------------------

Feature 10                           : Distance restraints 2 (N-O)             
List of the RVIOL violations larger than   :       4.5000

    #   ICSR  RESNO1/2 ATM1/2   INDATM1/2    FEAT   restr    viol   rviol   RESTR    VIOL   RVIOL
    1  11316 139M 150V N   O    1074 1165   13.08   10.37    2.71    4.92   10.37    2.71    4.92
    2  11342 140V 150V N   O    1082 1165   11.20    8.37    2.83    5.35    8.37    2.83    5.35
    3  11365 141P 150V N   O    1089 1165    8.30    5.42    2.88    6.00    5.42    2.88    6.00

-------------------------------------------------------------------------------------------------

Feature 25                           : Phi/Psi pair of dihedral restraints     
List of the RVIOL violations larger than   :       6.5000

    #   ICSR  RESNO1/2 ATM1/2   INDATM1/2    FEAT   restr    viol   rviol   RESTR    VIOL   RVIOL
    1   5381   1M   2D C   N       7    9  -64.39  -70.90    7.20    0.41  -63.30  172.78   21.39
    1          2D   2D N   CA      9   10  147.22  150.30                  -40.00
    2   5382   2D   3L C   N      15   17  -73.20  -70.70    6.54    0.59  -63.50  177.02   24.04
    2          3L   3L N   CA     17   18  135.56  141.60                  -41.20
    3   5383   3L   4S C   N      23   25 -147.77 -136.60   23.34    0.90  -64.10  174.66   18.67
    3          4S   4S N   CA     25   26  171.69  151.20                  -35.00
    4   5384   4S   5F C   N      29   31 -113.77 -124.20   15.46    0.43  -63.20 -176.70   22.33
    4          5F   5F N   CA     31   32  131.89  143.30                  -44.30
    5   5385   5F   6T C   N      40   42 -132.67 -124.80   19.42    0.63  -63.20  171.36   26.53
    5          6T   6T N   CA     42   43  161.25  143.50                  -42.10
    6   5386   6T   7L C   N      47   49  -76.65  -70.70   11.69    0.72  -63.50  167.66   24.05
    6          7L   7L N   CA     49   50  151.66  141.60                  -41.20
    7   5387   7L   8S C   N      55   57 -144.86 -136.60   25.91    1.11  -64.10  169.69   18.10
    7          8S   8S N   CA     57   58  175.76  151.20                  -35.00
    8   5390  10V  11S C   N      75   77 -170.14 -136.60   41.96    1.29  -64.10 -177.46   20.88
    8         11S  11S N   CA     77   78  176.42  151.20                  -35.00
    9   5391  11S  12A C   N      81   83 -118.19 -134.00   16.83    0.39  -62.50 -173.62   33.51
    9         12A  12A N   CA     83   84  141.24  147.00                  -40.90
   10   5393  13I  14L C   N      94   96  -77.13  -70.70   48.93    3.96  -63.50  134.98   18.01
   10         14L  14L N   CA     96   97   93.09  141.60                  -41.20
   11   5394  14L  15A C   N     102  104 -127.56 -134.00   24.65    1.22  -62.50  176.53   26.62
   11         15A  15A N   CA    104  105  123.21  147.00                  -40.90
   12   5396  16I  17T C   N     115  117 -107.87 -124.80   33.64    1.05  -63.20  162.78   18.29
   12         17T  17T N   CA    117  118  114.43  143.50                  -42.10
   13   5397  17T  18A C   N     122  124  -84.90  -68.20   23.95    1.51  -62.50  158.22   27.08
   13         18A  18A N   CA    124  125  162.48  145.30                  -40.90
   14   5400  20I  21A C   N     142  144 -122.80 -134.00   12.22    0.28  -62.50 -172.99   33.87
   14         21A  21A N   CA    144  145  142.08  147.00                  -40.90
   15   5402  22V  23F C   N     154  156 -113.58 -124.20   12.54    0.33  -63.20 -173.99   29.20
   15         23F  23F N   CA    156  157  136.64  143.30                  -44.30
   16   5406  26I  27F C   N     188  190  179.74 -124.20   62.98    1.71  -63.20 -174.65   32.69
   16         27F  27F N   CA    190  191  172.00  143.30                  -44.30
   17   5407  27F  28R C   N     199  201  -92.94  -72.10   37.30    2.46  -63.00  149.11   22.21
   17         28R  28R N   CA    201  202  172.83  141.90                  -41.10
   18   5408  28R  29Y C   N     210  212  -74.60  -98.40   23.81    0.91  -63.50  172.83   26.86
   18         29Y  29Y N   CA    212  213  129.08  128.40                  -43.40
   19   5409  29Y  30H C   N     222  224 -125.32 -125.60   27.25    1.04  -63.20  163.88   24.55
   19         30H  30H N   CA    224  225  166.05  138.80                  -42.30
   20   5410  30H  31N C   N     232  234 -133.35 -119.90   38.24    1.40  -63.20  162.08   24.22
   20         31N  31N N   CA    234  235  172.79  137.00                  -41.10
   21   5506 126N 127N C   N     979  981 -101.56 -119.90   75.21    2.96  -63.20  111.94   12.31
   21        127N 127N N   CA    981  982   64.07  137.00                  -41.10
   22   5529 149F 150V C   N    1157 1159  -57.06  -62.40   25.40    2.94  -73.50  154.45   13.39
   22        150V 150V N   CA   1159 1160  -67.23  -42.40                  139.20
   23   5530 150V 151G C   N    1164 1166   85.45   82.20   17.65    0.69  -62.40  151.35   28.11
   23        151G 151G N   CA   1166 1167   -8.85    8.50                  -41.20
   24   5581 201T 202E C   N    1527 1529 -171.34 -117.80   77.00    2.50  -63.60  166.97   27.94
   24        202E 202E N   CA   1529 1530 -167.85  136.80                  -40.30
   25   5582 202E 203T C   N    1536 1538  -77.74  -78.10   30.73    1.32  -63.20  138.14   18.68
   25        203T 203T N   CA   1538 1539 -179.48  149.80                  -42.10


report______> Distribution of short non-bonded contacts:


DISTANCE1:  0.00 2.10 2.20 2.30 2.40 2.50 2.60 2.70 2.80 2.90 3.00 3.10 3.20 3.30 3.40
DISTANCE2:  2.10 2.20 2.30 2.40 2.50 2.60 2.70 2.80 2.90 3.00 3.10 3.20 3.30 3.40 3.50
FREQUENCY:     0    0    0    0    0    7   15   60   79  112  120  178  184  195  205


<< end of ENERGY.
iupac_m_397W> Atoms were not swapped because of the uncertainty of how to handle the H atom.
iupac_m_397W> Atoms were not swapped because of the uncertainty of how to handle the H atom.
>> Model assessment by DOPE potential
iatmcls_286W> MODEL atom not classified:  GLU:OXT  GLU


>> ENERGY; Differences between the model's features and restraints:
Number of all residues in MODEL                   :      204
Number of all, selected real atoms                :     1554    1554
Number of all, selected pseudo atoms              :        0       0
Number of all static, selected restraints         :    17033   17033
COVALENT_CYS                                      :        F
NONBONDED_SEL_ATOMS                               :        1
Number of non-bonded pairs (excluding 1-2,1-3,1-4):   233146
Dynamic pairs routine                             : 1, NATM x NATM double loop
Atomic shift for contacts update (UPDATE_DYNAMIC) :    0.390
LENNARD_JONES_SWITCH                              :    6.500   7.500
COULOMB_JONES_SWITCH                              :    6.500   7.500
RESIDUE_SPAN_RANGE                                :        1    9999
NLOGN_USE                                         :       15
CONTACT_SHELL                                     :   15.000
DYNAMIC_PAIRS,_SPHERE,_COULOMB,_LENNARD,_MODELLER :        T       F       F       F       T
SPHERE_STDV                                       :    0.050
RADII_FACTOR                                      :    0.820
Current energy                                    :      -18430.9258




<< end of ENERGY.
DOPE score               : -18430.925781
>> Model assessment by GA341 potential

Surface library          : C:\Program Files\Modeller10.6/modlib/surf5.de
Pair library             : C:\Program Files\Modeller10.6/modlib/pair9.de
Chain identifier         : _
% sequence identity      :   100.000000
Sequence length          :          204
Compactness              :     0.037665
Native energy (pair)     :   -89.106493
Native energy (surface)  :    -0.397708
Native energy (combined) :    -3.557533
Z score (pair)           :    -5.568339
Z score (surface)        :    -3.850943
Z score (combined)       :    -6.149207
GA341 score              :     1.000000



>> ENERGY; Differences between the model's features and restraints:
Number of all residues in MODEL                   :      204
Number of all, selected real atoms                :     1554    1554
Number of all, selected pseudo atoms              :        0       0
Number of all static, selected restraints         :    17033   17033
COVALENT_CYS                                      :        F
NONBONDED_SEL_ATOMS                               :        1
Number of non-bonded pairs (excluding 1-2,1-3,1-4):     2984
Dynamic pairs routine                             : 2, NATM x NATM cell sorting
Atomic shift for contacts update (UPDATE_DYNAMIC) :    0.390
LENNARD_JONES_SWITCH                              :    6.500   7.500
COULOMB_JONES_SWITCH                              :    6.500   7.500
RESIDUE_SPAN_RANGE                                :        0   99999
NLOGN_USE                                         :       15
CONTACT_SHELL                                     :    4.000
DYNAMIC_PAIRS,_SPHERE,_COULOMB,_LENNARD,_MODELLER :        T       T       F       F       F
SPHERE_STDV                                       :    0.050
RADII_FACTOR                                      :    0.820
Current energy                                    :        1134.2130





Summary of the restraint violations: 

   NUM     ... number of restraints.
   NUMVI   ... number of restraints with RVIOL > VIOL_REPORT_CUT[i].
   RVIOL   ... relative difference from the best value.
   NUMVP   ... number of restraints with -Ln(pdf) > VIOL_REPORT_CUT2[i].
   RMS_1   ... RMS(feature, minimally_violated_basis_restraint, NUMB).
   RMS_2   ... RMS(feature, best_value, NUMB).
   MOL.PDF ... scaled contribution to -Ln(Molecular pdf).

 #                     RESTRAINT_GROUP      NUM   NUMVI  NUMVP   RMS_1   RMS_2         MOL.PDF     S_i
------------------------------------------------------------------------------------------------------
 1 Bond length potential              :    1580       0      0   0.004   0.004      8.2199       1.000
 2 Bond angle potential               :    2148       0      4   1.604   1.604      109.30       1.000
 3 Stereochemical cosine torsion poten:     998       0     43  52.071  52.071      430.71       1.000
 4 Stereochemical improper torsion pot:     654       0      1   1.005   1.005      16.685       1.000
 5 Soft-sphere overlap restraints     :    2984       0      0   0.001   0.001     0.55102       1.000
 6 Lennard-Jones 6-12 potential       :       0       0      0   0.000   0.000      0.0000       1.000
 7 Coulomb point-point electrostatic p:       0       0      0   0.000   0.000      0.0000       1.000
 8 H-bonding potential                :       0       0      0   0.000   0.000      0.0000       1.000
 9 Distance restraints 1 (CA-CA)      :    3074       0      3   0.125   0.125      56.346       1.000
10 Distance restraints 2 (N-O)        :    3339       0      9   0.192   0.192      114.00       1.000
11 Mainchain Phi dihedral restraints  :       0       0      0   0.000   0.000      0.0000       1.000
12 Mainchain Psi dihedral restraints  :       0       0      0   0.000   0.000      0.0000       1.000
13 Mainchain Omega dihedral restraints:     203       0      1   3.471   3.471      28.846       1.000
14 Sidechain Chi_1 dihedral restraints:     176       0      1  65.245  65.245      24.303       1.000
15 Sidechain Chi_2 dihedral restraints:     113       0      1  62.501  62.501      32.823       1.000
16 Sidechain Chi_3 dihedral restraints:      44       0      0  71.989  71.989      26.856       1.000
17 Sidechain Chi_4 dihedral restraints:      15       0      0  89.122  89.122      9.8162       1.000
18 Disulfide distance restraints      :       0       0      0   0.000   0.000      0.0000       1.000
19 Disulfide angle restraints         :       0       0      0   0.000   0.000      0.0000       1.000
20 Disulfide dihedral angle restraints:       0       0      0   0.000   0.000      0.0000       1.000
21 Lower bound distance restraints    :       0       0      0   0.000   0.000      0.0000       1.000
22 Upper bound distance restraints    :       0       0      0   0.000   0.000      0.0000       1.000
23 Distance restraints 3 (SDCH-MNCH)  :    2999       0      0   0.405   0.405      89.020       1.000
24 Sidechain Chi_5 dihedral restraints:       0       0      0   0.000   0.000      0.0000       1.000
25 Phi/Psi pair of dihedral restraints:     202      24     14  28.278  63.254      99.412       1.000
26 Distance restraints 4 (SDCH-SDCH)  :    1488       0      0   0.659   0.659      87.323       1.000
27 Distance restraints 5 (X-Y)        :       0       0      0   0.000   0.000      0.0000       1.000
28 NMR distance restraints 6 (X-Y)    :       0       0      0   0.000   0.000      0.0000       1.000
29 NMR distance restraints 7 (X-Y)    :       0       0      0   0.000   0.000      0.0000       1.000
30 Minimal distance restraints        :       0       0      0   0.000   0.000      0.0000       1.000
31 Non-bonded restraints              :       0       0      0   0.000   0.000      0.0000       1.000
32 Atomic accessibility restraints    :       0       0      0   0.000   0.000      0.0000       1.000
33 Atomic density restraints          :       0       0      0   0.000   0.000      0.0000       1.000
34 Absolute position restraints       :       0       0      0   0.000   0.000      0.0000       1.000
35 Dihedral angle difference restraint:       0       0      0   0.000   0.000      0.0000       1.000
36 GBSA implicit solvent potential    :       0       0      0   0.000   0.000      0.0000       1.000
37 EM density fitting potential       :       0       0      0   0.000   0.000      0.0000       1.000
38 SAXS restraints                    :       0       0      0   0.000   0.000      0.0000       1.000
39 Symmetry restraints                :       0       0      0   0.000   0.000      0.0000       1.000



# Heavy relative violation of each residue is written to: querysequence.V99990002
# The profile is NOT normalized by the number of restraints.
# The profiles are smoothed over a window of residues:    1
# The sum of all numbers in the file:   19400.0156



List of the violated restraints:
   A restraint is violated when the relative difference
   from the best value (RVIOL) is larger than CUTOFF.

   ICSR   ... index of a restraint in the current set.
   RESNO  ... residue numbers of the first two atoms.
   ATM    ... IUPAC atom names of the first two atoms.
   FEAT   ... the value of the feature in the model.
   restr  ... the mean of the basis restraint with the smallest
              difference from the model (local minimum).
   viol   ... difference from the local minimum.
   rviol  ... relative difference from the local minimum.
   RESTR  ... the best value (global minimum).
   VIOL   ... difference from the best value.
   RVIOL  ... relative difference from the best value.


-------------------------------------------------------------------------------------------------

Feature 25                           : Phi/Psi pair of dihedral restraints     
List of the RVIOL violations larger than   :       6.5000

    #   ICSR  RESNO1/2 ATM1/2   INDATM1/2    FEAT   restr    viol   rviol   RESTR    VIOL   RVIOL
    1   5382   2D   3L C   N      15   17 -142.29 -108.50   41.27    1.82  -63.50 -179.32   29.96
    1          3L   3L N   CA     17   18  156.21  132.50                  -41.20
    2   5383   3L   4S C   N      23   25  -79.33  -72.40   13.25    0.61  -64.10  162.02   12.71
    2          4S   4S N   CA     25   26  163.69  152.40                  -35.00
    3   5384   4S   5F C   N      29   31  -75.67  -71.40    4.46    0.27  -63.20  174.16   25.02
    3          5F   5F N   CA     31   32  141.99  140.70                  -44.30
    4   5385   5F   6T C   N      40   42 -146.26 -124.80   54.85    1.79  -63.20  149.19   24.36
    4          6T   6T N   CA     42   43 -166.02  143.50                  -42.10
    5   5386   6T   7L C   N      47   49  -70.39  -70.70   24.17    1.84  -63.50  153.18   21.67
    5          7L   7L N   CA     49   50  165.77  141.60                  -41.20
    6   5387   7L   8S C   N      55   57  -56.54  -72.40   17.93    0.99  -64.10  179.18   13.45
    6          8S   8S N   CA     57   58  144.02  152.40                  -35.00
    7   5393  13I  14L C   N      94   96 -165.82 -108.50   61.40    2.73  -63.50 -166.44   33.15
    7         14L  14L N   CA     96   97  154.50  132.50                  -41.20
    8   5394  14L  15A C   N     102  104 -128.74 -134.00    5.25    0.18  -62.50 -175.70   33.75
    8         15A  15A N   CA    104  105  147.12  147.00                  -40.90
    9   5396  16I  17T C   N     115  117 -114.43 -124.80   23.94    0.77  -63.20  171.84   19.12
    9         17T  17T N   CA    117  118  121.92  143.50                  -42.10
   10   5397  17T  18A C   N     122  124  170.46 -134.00   57.86    1.40  -62.50 -158.88   39.58
   10         18A  18A N   CA    124  125  163.19  147.00                  -40.90
   11   5400  20I  21A C   N     142  144  -59.79  -68.20   10.94    0.70  -62.50  179.22   29.50
   11         21A  21A N   CA    144  145  138.31  145.30                  -40.90
   12   5402  22V  23F C   N     154  156  -66.63  -71.40    4.77    0.32  -63.20  175.22   24.56
   12         23F  23F N   CA    156  157  140.51  140.70                  -44.30
   13   5406  26I  27F C   N     188  190  -99.19 -124.20   34.28    0.91  -63.20  168.06   21.05
   13         27F  27F N   CA    190  191  119.86  143.30                  -44.30
   14   5407  27F  28R C   N     199  201 -111.53 -125.20   27.16    0.96  -63.00  165.50   19.58
   14         28R  28R N   CA    201  202  117.13  140.60                  -41.10
   15   5408  28R  29Y C   N     210  212 -144.76 -124.30   22.92    1.31  -63.50 -170.79   34.01
   15         29Y  29Y N   CA    212  213  145.72  135.40                  -43.40
   16   5409  29Y  30H C   N     222  224  -97.12 -125.60   53.07    1.43  -63.20  140.48   15.74
   16         30H  30H N   CA    224  225   94.02  138.80                  -42.30
   17   5410  30H  31N C   N     232  234 -130.45 -119.90   11.98    0.37  -63.20 -171.36   27.41
   17         31N  31N N   CA    234  235  142.66  137.00                  -41.10
   18   5506 126N 127N C   N     979  981  -97.29 -119.90   88.15    3.45  -63.20   98.95   10.88
   18        127N 127N N   CA    981  982   51.80  137.00                  -41.10
   19   5564 184T 185A C   N    1399 1401   71.31  -68.20  153.91   14.81   55.40  172.84   11.73
   19        185A 185A N   CA   1401 1402 -149.69  145.30                   38.20
   20   5565 185A 186G C   N    1404 1406  -81.20  -62.40   20.74    3.26   82.20  168.46   12.53
   20        186G 186G N   CA   1406 1407  -32.45  -41.20                    8.50
   21   5566 186G 187G C   N    1408 1410   50.10   82.20   76.89    5.21  -62.40  114.30   19.50
   21        187G 187G N   CA   1410 1411  -61.37    8.50                  -41.20
   22   5567 187G 188N C   N    1412 1414 -122.00  -63.20   90.80    9.93  -63.20   90.80    9.93
   22        188N 188N N   CA   1414 1415   28.09  -41.10                  -41.10
   23   5581 201T 202E C   N    1527 1529  -57.18  -69.30   12.15    0.95  -63.60  176.43   23.18
   23        202E 202E N   CA   1529 1530  143.38  142.50                  -40.30
   24   5582 202E 203T C   N    1536 1538  -75.10  -78.10   26.69    1.24  -63.20  142.08   19.01
   24        203T 203T N   CA   1538 1539  176.32  149.80                  -42.10


report______> Distribution of short non-bonded contacts:


DISTANCE1:  0.00 2.10 2.20 2.30 2.40 2.50 2.60 2.70 2.80 2.90 3.00 3.10 3.20 3.30 3.40
DISTANCE2:  2.10 2.20 2.30 2.40 2.50 2.60 2.70 2.80 2.90 3.00 3.10 3.20 3.30 3.40 3.50
FREQUENCY:     0    0    0    0    0    8   16   70   88  123  143  145  178  203  229


<< end of ENERGY.
iupac_m_397W> Atoms were not swapped because of the uncertainty of how to handle the H atom.
iupac_m_397W> Atoms were not swapped because of the uncertainty of how to handle the H atom.
>> Model assessment by DOPE potential
iatmcls_286W> MODEL atom not classified:  GLU:OXT  GLU


>> ENERGY; Differences between the model's features and restraints:
Number of all residues in MODEL                   :      204
Number of all, selected real atoms                :     1554    1554
Number of all, selected pseudo atoms              :        0       0
Number of all static, selected restraints         :    17033   17033
COVALENT_CYS                                      :        F
NONBONDED_SEL_ATOMS                               :        1
Number of non-bonded pairs (excluding 1-2,1-3,1-4):   225809
Dynamic pairs routine                             : 1, NATM x NATM double loop
Atomic shift for contacts update (UPDATE_DYNAMIC) :    0.390
LENNARD_JONES_SWITCH                              :    6.500   7.500
COULOMB_JONES_SWITCH                              :    6.500   7.500
RESIDUE_SPAN_RANGE                                :        1    9999
NLOGN_USE                                         :       15
CONTACT_SHELL                                     :   15.000
DYNAMIC_PAIRS,_SPHERE,_COULOMB,_LENNARD,_MODELLER :        T       F       F       F       T
SPHERE_STDV                                       :    0.050
RADII_FACTOR                                      :    0.820
Current energy                                    :      -18076.2012




<< end of ENERGY.
DOPE score               : -18076.201172
>> Model assessment by GA341 potential

Surface library          : C:\Program Files\Modeller10.6/modlib/surf5.de
Pair library             : C:\Program Files\Modeller10.6/modlib/pair9.de
Chain identifier         : _
% sequence identity      :   100.000000
Sequence length          :          204
Compactness              :     0.024689
Native energy (pair)     :   -99.535241
Native energy (surface)  :    -2.511835
Native energy (combined) :    -4.660311
Z score (pair)           :    -5.678015
Z score (surface)        :    -4.170618
Z score (combined)       :    -6.352141
GA341 score              :     1.000000



>> ENERGY; Differences between the model's features and restraints:
Number of all residues in MODEL                   :      204
Number of all, selected real atoms                :     1554    1554
Number of all, selected pseudo atoms              :        0       0
Number of all static, selected restraints         :    17033   17033
COVALENT_CYS                                      :        F
NONBONDED_SEL_ATOMS                               :        1
Number of non-bonded pairs (excluding 1-2,1-3,1-4):     2884
Dynamic pairs routine                             : 2, NATM x NATM cell sorting
Atomic shift for contacts update (UPDATE_DYNAMIC) :    0.390
LENNARD_JONES_SWITCH                              :    6.500   7.500
COULOMB_JONES_SWITCH                              :    6.500   7.500
RESIDUE_SPAN_RANGE                                :        0   99999
NLOGN_USE                                         :       15
CONTACT_SHELL                                     :    4.000
DYNAMIC_PAIRS,_SPHERE,_COULOMB,_LENNARD,_MODELLER :        T       T       F       F       F
SPHERE_STDV                                       :    0.050
RADII_FACTOR                                      :    0.820
Current energy                                    :         995.7919





Summary of the restraint violations: 

   NUM     ... number of restraints.
   NUMVI   ... number of restraints with RVIOL > VIOL_REPORT_CUT[i].
   RVIOL   ... relative difference from the best value.
   NUMVP   ... number of restraints with -Ln(pdf) > VIOL_REPORT_CUT2[i].
   RMS_1   ... RMS(feature, minimally_violated_basis_restraint, NUMB).
   RMS_2   ... RMS(feature, best_value, NUMB).
   MOL.PDF ... scaled contribution to -Ln(Molecular pdf).

 #                     RESTRAINT_GROUP      NUM   NUMVI  NUMVP   RMS_1   RMS_2         MOL.PDF     S_i
------------------------------------------------------------------------------------------------------
 1 Bond length potential              :    1580       0      0   0.004   0.004      7.2484       1.000
 2 Bond angle potential               :    2148       0      1   1.567   1.567      104.51       1.000
 3 Stereochemical cosine torsion poten:     998       0     43  52.329  52.329      440.09       1.000
 4 Stereochemical improper torsion pot:     654       0      0   0.929   0.929      13.306       1.000
 5 Soft-sphere overlap restraints     :    2884       0      0   0.001   0.001     0.74245       1.000
 6 Lennard-Jones 6-12 potential       :       0       0      0   0.000   0.000      0.0000       1.000
 7 Coulomb point-point electrostatic p:       0       0      0   0.000   0.000      0.0000       1.000
 8 H-bonding potential                :       0       0      0   0.000   0.000      0.0000       1.000
 9 Distance restraints 1 (CA-CA)      :    3074       0      0   0.102   0.102      36.025       1.000
10 Distance restraints 2 (N-O)        :    3339       0      1   0.146   0.146      63.728       1.000
11 Mainchain Phi dihedral restraints  :       0       0      0   0.000   0.000      0.0000       1.000
12 Mainchain Psi dihedral restraints  :       0       0      0   0.000   0.000      0.0000       1.000
13 Mainchain Omega dihedral restraints:     203       0      0   3.233   3.233      25.030       1.000
14 Sidechain Chi_1 dihedral restraints:     176       0      0  62.175  62.175      11.850       1.000
15 Sidechain Chi_2 dihedral restraints:     113       0      0  57.060  57.060      27.328       1.000
16 Sidechain Chi_3 dihedral restraints:      44       0      0  70.305  70.305      28.515       1.000
17 Sidechain Chi_4 dihedral restraints:      15       0      0  90.896  90.896      11.595       1.000
18 Disulfide distance restraints      :       0       0      0   0.000   0.000      0.0000       1.000
19 Disulfide angle restraints         :       0       0      0   0.000   0.000      0.0000       1.000
20 Disulfide dihedral angle restraints:       0       0      0   0.000   0.000      0.0000       1.000
21 Lower bound distance restraints    :       0       0      0   0.000   0.000      0.0000       1.000
22 Upper bound distance restraints    :       0       0      0   0.000   0.000      0.0000       1.000
23 Distance restraints 3 (SDCH-MNCH)  :    2999       0      0   0.380   0.380      78.204       1.000
24 Sidechain Chi_5 dihedral restraints:       0       0      0   0.000   0.000      0.0000       1.000
25 Phi/Psi pair of dihedral restraints:     202      23     11  23.905  62.659      64.293       1.000
26 Distance restraints 4 (SDCH-SDCH)  :    1488       0      0   0.636   0.636      83.334       1.000
27 Distance restraints 5 (X-Y)        :       0       0      0   0.000   0.000      0.0000       1.000
28 NMR distance restraints 6 (X-Y)    :       0       0      0   0.000   0.000      0.0000       1.000
29 NMR distance restraints 7 (X-Y)    :       0       0      0   0.000   0.000      0.0000       1.000
30 Minimal distance restraints        :       0       0      0   0.000   0.000      0.0000       1.000
31 Non-bonded restraints              :       0       0      0   0.000   0.000      0.0000       1.000
32 Atomic accessibility restraints    :       0       0      0   0.000   0.000      0.0000       1.000
33 Atomic density restraints          :       0       0      0   0.000   0.000      0.0000       1.000
34 Absolute position restraints       :       0       0      0   0.000   0.000      0.0000       1.000
35 Dihedral angle difference restraint:       0       0      0   0.000   0.000      0.0000       1.000
36 GBSA implicit solvent potential    :       0       0      0   0.000   0.000      0.0000       1.000
37 EM density fitting potential       :       0       0      0   0.000   0.000      0.0000       1.000
38 SAXS restraints                    :       0       0      0   0.000   0.000      0.0000       1.000
39 Symmetry restraints                :       0       0      0   0.000   0.000      0.0000       1.000



# Heavy relative violation of each residue is written to: querysequence.V99990003
# The profile is NOT normalized by the number of restraints.
# The profiles are smoothed over a window of residues:    1
# The sum of all numbers in the file:   18512.3203



List of the violated restraints:
   A restraint is violated when the relative difference
   from the best value (RVIOL) is larger than CUTOFF.

   ICSR   ... index of a restraint in the current set.
   RESNO  ... residue numbers of the first two atoms.
   ATM    ... IUPAC atom names of the first two atoms.
   FEAT   ... the value of the feature in the model.
   restr  ... the mean of the basis restraint with the smallest
              difference from the model (local minimum).
   viol   ... difference from the local minimum.
   rviol  ... relative difference from the local minimum.
   RESTR  ... the best value (global minimum).
   VIOL   ... difference from the best value.
   RVIOL  ... relative difference from the best value.


-------------------------------------------------------------------------------------------------

Feature 25                           : Phi/Psi pair of dihedral restraints     
List of the RVIOL violations larger than   :       6.5000

    #   ICSR  RESNO1/2 ATM1/2   INDATM1/2    FEAT   restr    viol   rviol   RESTR    VIOL   RVIOL
    1   5382   2D   3L C   N      15   17  -76.74  -70.70   46.60    3.77  -63.50  137.24   18.34
    1          3L   3L N   CA     17   18   95.39  141.60                  -41.20
    2   5383   3L   4S C   N      23   25 -148.48 -136.60   12.70    0.62  -64.10 -162.76   20.32
    2          4S   4S N   CA     25   26  146.72  151.20                  -35.00
    3   5384   4S   5F C   N      29   31 -135.34 -124.20   13.40    0.71  -63.20 -166.22   31.64
    3          5F   5F N   CA     31   32  135.85  143.30                  -44.30
    4   5385   5F   6T C   N      40   42 -141.68 -124.80   22.73    0.75  -63.20  177.49   27.87
    4          6T   6T N   CA     42   43  158.71  143.50                  -42.10
    5   5386   6T   7L C   N      47   49 -109.77 -108.50   31.48    1.71  -63.50  149.58   18.69
    5          7L   7L N   CA     49   50  101.04  132.50                  -41.20
    6   5387   7L   8S C   N      55   57 -165.51 -136.60   29.16    1.26  -64.10 -155.45   22.12
    6          8S   8S N   CA     57   58  147.36  151.20                  -35.00
    7   5390  10V  11S C   N      75   77 -135.22 -136.60    6.60    0.30  -64.10 -166.69   11.96
    7         11S  11S N   CA     77   78  144.75  151.20                  -35.00
    8   5391  11S  12A C   N      81   83 -149.29 -134.00   17.00    0.39  -62.50 -173.87   35.15
    8         12A  12A N   CA     83   84  154.44  147.00                  -40.90
    9   5393  13I  14L C   N      94   96 -143.58 -108.50   38.62    1.71  -63.50 -171.94   31.07
    9         14L  14L N   CA     96   97  148.65  132.50                  -41.20
   10   5394  14L  15A C   N     102  104 -105.27 -134.00   29.96    0.72  -62.50 -175.59   28.44
   10         15A  15A N   CA    104  105  138.49  147.00                  -40.90
   11   5396  16I  17T C   N     115  117 -119.78 -124.80    9.50    0.54  -63.20  175.70   26.29
   11         17T  17T N   CA    117  118  151.55  143.50                  -42.10
   12   5397  17T  18A C   N     122  124 -113.87 -134.00   22.46    0.51  -62.50 -174.78   28.31
   12         18A  18A N   CA    124  125  137.05  147.00                  -40.90
   13   5400  20I  21A C   N     142  144 -116.54 -134.00   23.18    0.65  -62.50 -179.10   27.55
   13         21A  21A N   CA    144  145  131.74  147.00                  -40.90
   14   5402  22V  23F C   N     154  156  -96.32  -71.40   58.97    5.21  -63.20  135.66   16.76
   14         23F  23F N   CA    156  157   87.26  140.70                  -44.30
   15   5404  24I  25V C   N     173  175  -68.21  -62.40    6.70    1.15 -125.40 -179.73   10.06
   15         25V  25V N   CA    175  176  -45.74  -42.40                  143.30
   16   5406  26I  27F C   N     188  190  -63.45  -71.40    8.00    0.51  -63.20  175.93   24.44
   16         27F  27F N   CA    190  191  139.77  140.70                  -44.30
   17   5407  27F  28R C   N     199  201 -109.10 -125.20   16.54    0.76  -63.00 -179.51   27.57
   17         28R  28R N   CA    201  202  144.40  140.60                  -41.10
   18   5408  28R  29Y C   N     210  212 -124.99 -124.30    4.41    0.21  -63.50 -172.78   32.81
   18         29Y  29Y N   CA    212  213  139.76  135.40                  -43.40
   19   5409  29Y  30H C   N     222  224  -98.45 -125.60   39.18    0.97  -63.20  156.86   17.69
   19         30H  30H N   CA    224  225  110.55  138.80                  -42.30
   20   5410  30H  31N C   N     232  234 -163.52 -119.90   57.80    1.68  -63.20  175.48   27.42
   20         31N  31N N   CA    234  235  174.93  137.00                  -41.10
   21   5484 104E 105G C   N     805  807  167.29   82.20   86.56    5.15  -62.40  134.62   22.44
   21        105G 105G N   CA    807  808   -7.39    8.50                  -41.20
   22   5506 126N 127N C   N     979  981  -97.98 -119.90   87.78    3.45  -63.20   99.39   10.91
   22        127N 127N N   CA    981  982   52.00  137.00                  -41.10
   23   5581 201T 202E C   N    1527 1529  -67.96  -69.30    1.35    0.11  -63.60  177.08   23.85
   23        202E 202E N   CA   1529 1530  142.68  142.50                  -40.30


report______> Distribution of short non-bonded contacts:


DISTANCE1:  0.00 2.10 2.20 2.30 2.40 2.50 2.60 2.70 2.80 2.90 3.00 3.10 3.20 3.30 3.40
DISTANCE2:  2.10 2.20 2.30 2.40 2.50 2.60 2.70 2.80 2.90 3.00 3.10 3.20 3.30 3.40 3.50
FREQUENCY:     0    0    0    0    0    6   12   58   83  112  125  162  175  204  207


<< end of ENERGY.
iupac_m_397W> Atoms were not swapped because of the uncertainty of how to handle the H atom.
iupac_m_397W> Atoms were not swapped because of the uncertainty of how to handle the H atom.
>> Model assessment by DOPE potential
iatmcls_286W> MODEL atom not classified:  GLU:OXT  GLU


>> ENERGY; Differences between the model's features and restraints:
Number of all residues in MODEL                   :      204
Number of all, selected real atoms                :     1554    1554
Number of all, selected pseudo atoms              :        0       0
Number of all static, selected restraints         :    17033   17033
COVALENT_CYS                                      :        F
NONBONDED_SEL_ATOMS                               :        1
Number of non-bonded pairs (excluding 1-2,1-3,1-4):   227749
Dynamic pairs routine                             : 1, NATM x NATM double loop
Atomic shift for contacts update (UPDATE_DYNAMIC) :    0.390
LENNARD_JONES_SWITCH                              :    6.500   7.500
COULOMB_JONES_SWITCH                              :    6.500   7.500
RESIDUE_SPAN_RANGE                                :        1    9999
NLOGN_USE                                         :       15
CONTACT_SHELL                                     :   15.000
DYNAMIC_PAIRS,_SPHERE,_COULOMB,_LENNARD,_MODELLER :        T       F       F       F       T
SPHERE_STDV                                       :    0.050
RADII_FACTOR                                      :    0.820
Current energy                                    :      -17990.5742




<< end of ENERGY.
DOPE score               : -17990.574219
>> Model assessment by GA341 potential

Surface library          : C:\Program Files\Modeller10.6/modlib/surf5.de
Pair library             : C:\Program Files\Modeller10.6/modlib/pair9.de
Chain identifier         : _
% sequence identity      :   100.000000
Sequence length          :          204
Compactness              :     0.017827
Native energy (pair)     :  -102.822127
Native energy (surface)  :    -1.215792
Native energy (combined) :    -4.409326
Z score (pair)           :    -5.531376
Z score (surface)        :    -3.855000
Z score (combined)       :    -6.230230
GA341 score              :     1.000000



>> ENERGY; Differences between the model's features and restraints:
Number of all residues in MODEL                   :      204
Number of all, selected real atoms                :     1554    1554
Number of all, selected pseudo atoms              :        0       0
Number of all static, selected restraints         :    17033   17033
COVALENT_CYS                                      :        F
NONBONDED_SEL_ATOMS                               :        1
Number of non-bonded pairs (excluding 1-2,1-3,1-4):     2991
Dynamic pairs routine                             : 2, NATM x NATM cell sorting
Atomic shift for contacts update (UPDATE_DYNAMIC) :    0.390
LENNARD_JONES_SWITCH                              :    6.500   7.500
COULOMB_JONES_SWITCH                              :    6.500   7.500
RESIDUE_SPAN_RANGE                                :        0   99999
NLOGN_USE                                         :       15
CONTACT_SHELL                                     :    4.000
DYNAMIC_PAIRS,_SPHERE,_COULOMB,_LENNARD,_MODELLER :        T       T       F       F       F
SPHERE_STDV                                       :    0.050
RADII_FACTOR                                      :    0.820
Current energy                                    :        1127.1663





Summary of the restraint violations: 

   NUM     ... number of restraints.
   NUMVI   ... number of restraints with RVIOL > VIOL_REPORT_CUT[i].
   RVIOL   ... relative difference from the best value.
   NUMVP   ... number of restraints with -Ln(pdf) > VIOL_REPORT_CUT2[i].
   RMS_1   ... RMS(feature, minimally_violated_basis_restraint, NUMB).
   RMS_2   ... RMS(feature, best_value, NUMB).
   MOL.PDF ... scaled contribution to -Ln(Molecular pdf).

 #                     RESTRAINT_GROUP      NUM   NUMVI  NUMVP   RMS_1   RMS_2         MOL.PDF     S_i
------------------------------------------------------------------------------------------------------
 1 Bond length potential              :    1580       0      0   0.004   0.004      8.9242       1.000
 2 Bond angle potential               :    2148       0      5   1.648   1.648      116.25       1.000
 3 Stereochemical cosine torsion poten:     998       0     39  52.116  52.116      436.34       1.000
 4 Stereochemical improper torsion pot:     654       0      0   0.968   0.968      14.314       1.000
 5 Soft-sphere overlap restraints     :    2991       0      0   0.001   0.001     0.63144       1.000
 6 Lennard-Jones 6-12 potential       :       0       0      0   0.000   0.000      0.0000       1.000
 7 Coulomb point-point electrostatic p:       0       0      0   0.000   0.000      0.0000       1.000
 8 H-bonding potential                :       0       0      0   0.000   0.000      0.0000       1.000
 9 Distance restraints 1 (CA-CA)      :    3074       0      0   0.106   0.106      40.826       1.000
10 Distance restraints 2 (N-O)        :    3339       5     14   0.219   0.219      151.89       1.000
11 Mainchain Phi dihedral restraints  :       0       0      0   0.000   0.000      0.0000       1.000
12 Mainchain Psi dihedral restraints  :       0       0      0   0.000   0.000      0.0000       1.000
13 Mainchain Omega dihedral restraints:     203       0      0   3.509   3.509      29.484       1.000
14 Sidechain Chi_1 dihedral restraints:     176       0      1  62.763  62.763      13.339       1.000
15 Sidechain Chi_2 dihedral restraints:     113       0      1  62.205  62.205      36.439       1.000
16 Sidechain Chi_3 dihedral restraints:      44       0      0  67.746  67.746      29.716       1.000
17 Sidechain Chi_4 dihedral restraints:      15       0      0  99.205  99.205      8.8063       1.000
18 Disulfide distance restraints      :       0       0      0   0.000   0.000      0.0000       1.000
19 Disulfide angle restraints         :       0       0      0   0.000   0.000      0.0000       1.000
20 Disulfide dihedral angle restraints:       0       0      0   0.000   0.000      0.0000       1.000
21 Lower bound distance restraints    :       0       0      0   0.000   0.000      0.0000       1.000
22 Upper bound distance restraints    :       0       0      0   0.000   0.000      0.0000       1.000
23 Distance restraints 3 (SDCH-MNCH)  :    2999       0      0   0.400   0.400      84.460       1.000
24 Sidechain Chi_5 dihedral restraints:       0       0      0   0.000   0.000      0.0000       1.000
25 Phi/Psi pair of dihedral restraints:     202      28      9  23.754  68.060      60.811       1.000
26 Distance restraints 4 (SDCH-SDCH)  :    1488       0      1   0.686   0.686      94.933       1.000
27 Distance restraints 5 (X-Y)        :       0       0      0   0.000   0.000      0.0000       1.000
28 NMR distance restraints 6 (X-Y)    :       0       0      0   0.000   0.000      0.0000       1.000
29 NMR distance restraints 7 (X-Y)    :       0       0      0   0.000   0.000      0.0000       1.000
30 Minimal distance restraints        :       0       0      0   0.000   0.000      0.0000       1.000
31 Non-bonded restraints              :       0       0      0   0.000   0.000      0.0000       1.000
32 Atomic accessibility restraints    :       0       0      0   0.000   0.000      0.0000       1.000
33 Atomic density restraints          :       0       0      0   0.000   0.000      0.0000       1.000
34 Absolute position restraints       :       0       0      0   0.000   0.000      0.0000       1.000
35 Dihedral angle difference restraint:       0       0      0   0.000   0.000      0.0000       1.000
36 GBSA implicit solvent potential    :       0       0      0   0.000   0.000      0.0000       1.000
37 EM density fitting potential       :       0       0      0   0.000   0.000      0.0000       1.000
38 SAXS restraints                    :       0       0      0   0.000   0.000      0.0000       1.000
39 Symmetry restraints                :       0       0      0   0.000   0.000      0.0000       1.000



# Heavy relative violation of each residue is written to: querysequence.V99990004
# The profile is NOT normalized by the number of restraints.
# The profiles are smoothed over a window of residues:    1
# The sum of all numbers in the file:   20003.3691



List of the violated restraints:
   A restraint is violated when the relative difference
   from the best value (RVIOL) is larger than CUTOFF.

   ICSR   ... index of a restraint in the current set.
   RESNO  ... residue numbers of the first two atoms.
   ATM    ... IUPAC atom names of the first two atoms.
   FEAT   ... the value of the feature in the model.
   restr  ... the mean of the basis restraint with the smallest
              difference from the model (local minimum).
   viol   ... difference from the local minimum.
   rviol  ... relative difference from the local minimum.
   RESTR  ... the best value (global minimum).
   VIOL   ... difference from the best value.
   RVIOL  ... relative difference from the best value.


-------------------------------------------------------------------------------------------------

Feature 10                           : Distance restraints 2 (N-O)             
List of the RVIOL violations larger than   :       4.5000

    #   ICSR  RESNO1/2 ATM1/2   INDATM1/2    FEAT   restr    viol   rviol   RESTR    VIOL   RVIOL
    1  11316 139M 150V N   O    1074 1165   13.01   10.37    2.64    4.79   10.37    2.64    4.79
    2  11342 140V 150V N   O    1082 1165   11.08    8.37    2.71    5.12    8.37    2.71    5.12
    3  11365 141P 150V N   O    1089 1165    8.14    5.42    2.72    5.67    5.42    2.72    5.67

-------------------------------------------------------------------------------------------------

Feature 25                           : Phi/Psi pair of dihedral restraints     
List of the RVIOL violations larger than   :       6.5000

    #   ICSR  RESNO1/2 ATM1/2   INDATM1/2    FEAT   restr    viol   rviol   RESTR    VIOL   RVIOL
    1   5381   1M   2D C   N       7    9  -86.72  -96.50   18.26    0.75  -63.30  171.23   19.82
    1          2D   2D N   CA      9   10  129.63  114.20                  -40.00
    2   5382   2D   3L C   N      15   17 -109.45 -108.50    2.25    0.13  -63.50  177.71   22.49
    2          3L   3L N   CA     17   18  130.46  132.50                  -41.20
    3   5383   3L   4S C   N      23   25 -128.90 -136.60    8.69    0.45  -64.10 -178.27   17.74
    3          4S   4S N   CA     25   26  155.21  151.20                  -35.00
    4   5384   4S   5F C   N      29   31 -118.01 -124.20   15.82    0.57  -63.20 -178.48   21.88
    4          5F   5F N   CA     31   32  128.75  143.30                  -44.30
    5   5385   5F   6T C   N      40   42 -137.95 -124.80   13.20    0.73  -63.20 -169.16   29.38
    5          6T   6T N   CA     42   43  142.31  143.50                  -42.10
    6   5386   6T   7L C   N      47   49 -114.83 -108.50    7.15    0.38  -63.50  177.95   22.34
    6          7L   7L N   CA     49   50  129.18  132.50                  -41.20
    7   5387   7L   8S C   N      55   57 -150.90 -136.60   15.29    0.49  -64.10 -170.56   19.95
    7          8S   8S N   CA     57   58  156.61  151.20                  -35.00
    8   5390  10V  11S C   N      75   77  -85.48  -72.40   18.71    0.88  -64.10  160.65   13.03
    8         11S  11S N   CA     77   78  165.78  152.40                  -35.00
    9   5391  11S  12A C   N      81   83 -147.61 -134.00   22.06    0.76  -62.50  176.60   33.49
    9         12A  12A N   CA     83   84  164.36  147.00                  -40.90
   10   5393  13I  14L C   N      94   96 -102.45 -108.50    7.38    0.33  -63.50  173.89   22.23
   10         14L  14L N   CA     96   97  128.27  132.50                  -41.20
   11   5394  14L  15A C   N     102  104 -137.12 -134.00    3.19    0.08  -62.50 -173.03   34.64
   11         15A  15A N   CA    104  105  147.67  147.00                  -40.90
   12   5396  16I  17T C   N     115  117 -145.68 -124.80   31.00    0.98  -63.20  172.50   27.44
   12         17T  17T N   CA    117  118  166.40  143.50                  -42.10
   13   5397  17T  18A C   N     122  124 -155.98 -134.00   26.26    0.64  -62.50 -176.65   35.03
   13         18A  18A N   CA    124  125  161.37  147.00                  -40.90
   14   5400  20I  21A C   N     142  144 -138.27 -134.00   20.98    1.27  -62.50 -176.29   27.59
   14         21A  21A N   CA    144  145  126.46  147.00                  -40.90
   15   5402  22V  23F C   N     154  156 -110.67 -124.20   21.76    0.63  -63.20  177.05   21.64
   15         23F  23F N   CA    156  157  126.27  143.30                  -44.30
   16   5406  26I  27F C   N     188  190  -59.84  -71.40   15.79    0.91  -63.20  174.28   24.42
   16         27F  27F N   CA    190  191  129.95  140.70                  -44.30
   17   5407  27F  28R C   N     199  201 -142.17 -125.20   30.89    1.05  -63.00  171.81   28.58
   17         28R  28R N   CA    201  202  166.42  140.60                  -41.10
   18   5408  28R  29Y C   N     210  212 -113.38 -124.30   11.42    0.73  -63.50 -177.60   26.59
   18         29Y  29Y N   CA    212  213  132.05  135.40                  -43.40
   19   5409  29Y  30H C   N     222  224  -71.71  -67.60   44.78    3.56  -63.20  137.98   16.74
   19         30H  30H N   CA    224  225   95.41  140.00                  -42.30
   20   5410  30H  31N C   N     232  234 -124.90 -119.90    8.60    0.47  -63.20 -178.11   20.02
   20         31N  31N N   CA    234  235  130.01  137.00                  -41.10
   21   5506 126N 127N C   N     979  981 -101.06 -119.90   86.49    3.47  -63.20  101.05   11.03
   21        127N 127N N   CA    981  982   52.58  137.00                  -41.10
   22   5529 149F 150V C   N    1157 1159  -52.40  -62.40   29.64    3.30  -73.50  151.97   13.22
   22        150V 150V N   CA   1159 1160  -70.30  -42.40                  139.20
   23   5530 150V 151G C   N    1164 1166   87.32   82.20   21.33    0.78  -62.40  152.51   28.23
   23        151G 151G N   CA   1166 1167  -12.21    8.50                  -41.20
   24   5544 164D 165E C   N    1261 1263  -57.83  -63.60   14.57    2.27  -69.30  169.81   12.56
   24        165E 165E N   CA   1263 1264  -26.92  -40.30                  142.50
   25   5545 165E 166D C   N    1270 1272 -144.71  -63.30   99.83   12.15   54.50  162.45   17.80
   25        166D 166D N   CA   1272 1273   17.78  -40.00                   40.90
   26   5580 200G 201T C   N    1520 1522  -56.19  -63.20   11.19    1.19 -124.80  179.32    9.63
   26        201T 201T N   CA   1522 1523  -50.83  -42.10                  143.50
   27   5581 201T 202E C   N    1527 1529  -66.94  -69.30   16.09    1.14  -63.60  166.92   22.08
   27        202E 202E N   CA   1529 1530  126.58  142.50                  -40.30
   28   5582 202E 203T C   N    1536 1538 -152.13 -124.80   31.14    1.21  -63.20 -177.41   29.14
   28        203T 203T N   CA   1538 1539  158.42  143.50                  -42.10


report______> Distribution of short non-bonded contacts:


DISTANCE1:  0.00 2.10 2.20 2.30 2.40 2.50 2.60 2.70 2.80 2.90 3.00 3.10 3.20 3.30 3.40
DISTANCE2:  2.10 2.20 2.30 2.40 2.50 2.60 2.70 2.80 2.90 3.00 3.10 3.20 3.30 3.40 3.50
FREQUENCY:     0    0    0    0    0    4   19   61   92  110  117  154  195  195  237


<< end of ENERGY.
iupac_m_397W> Atoms were not swapped because of the uncertainty of how to handle the H atom.
iupac_m_397W> Atoms were not swapped because of the uncertainty of how to handle the H atom.
iupac_m_397W> Atoms were not swapped because of the uncertainty of how to handle the H atom.
iupac_m_397W> Atoms were not swapped because of the uncertainty of how to handle the H atom.
iupac_m_397W> Atoms were not swapped because of the uncertainty of how to handle the H atom.
iupac_m_397W> Atoms were not swapped because of the uncertainty of how to handle the H atom.
iupac_m_397W> Atoms were not swapped because of the uncertainty of how to handle the H atom.
>> Model assessment by DOPE potential
iatmcls_286W> MODEL atom not classified:  GLU:OXT  GLU


>> ENERGY; Differences between the model's features and restraints:
Number of all residues in MODEL                   :      204
Number of all, selected real atoms                :     1554    1554
Number of all, selected pseudo atoms              :        0       0
Number of all static, selected restraints         :    17033   17033
COVALENT_CYS                                      :        F
NONBONDED_SEL_ATOMS                               :        1
Number of non-bonded pairs (excluding 1-2,1-3,1-4):   227331
Dynamic pairs routine                             : 1, NATM x NATM double loop
Atomic shift for contacts update (UPDATE_DYNAMIC) :    0.390
LENNARD_JONES_SWITCH                              :    6.500   7.500
COULOMB_JONES_SWITCH                              :    6.500   7.500
RESIDUE_SPAN_RANGE                                :        1    9999
NLOGN_USE                                         :       15
CONTACT_SHELL                                     :   15.000
DYNAMIC_PAIRS,_SPHERE,_COULOMB,_LENNARD,_MODELLER :        T       F       F       F       T
SPHERE_STDV                                       :    0.050
RADII_FACTOR                                      :    0.820
Current energy                                    :      -18114.6816




<< end of ENERGY.
DOPE score               : -18114.681641
>> Model assessment by GA341 potential

Surface library          : C:\Program Files\Modeller10.6/modlib/surf5.de
Pair library             : C:\Program Files\Modeller10.6/modlib/pair9.de
Chain identifier         : _
% sequence identity      :   100.000000
Sequence length          :          204
Compactness              :     0.023095
Native energy (pair)     :   -74.666258
Native energy (surface)  :     0.923144
Native energy (combined) :    -2.715612
Z score (pair)           :    -4.924543
Z score (surface)        :    -3.449846
Z score (combined)       :    -5.356578
GA341 score              :     1.000000



>> ENERGY; Differences between the model's features and restraints:
Number of all residues in MODEL                   :      204
Number of all, selected real atoms                :     1554    1554
Number of all, selected pseudo atoms              :        0       0
Number of all static, selected restraints         :    17033   17033
COVALENT_CYS                                      :        F
NONBONDED_SEL_ATOMS                               :        1
Number of non-bonded pairs (excluding 1-2,1-3,1-4):     2969
Dynamic pairs routine                             : 2, NATM x NATM cell sorting
Atomic shift for contacts update (UPDATE_DYNAMIC) :    0.390
LENNARD_JONES_SWITCH                              :    6.500   7.500
COULOMB_JONES_SWITCH                              :    6.500   7.500
RESIDUE_SPAN_RANGE                                :        0   99999
NLOGN_USE                                         :       15
CONTACT_SHELL                                     :    4.000
DYNAMIC_PAIRS,_SPHERE,_COULOMB,_LENNARD,_MODELLER :        T       T       F       F       F
SPHERE_STDV                                       :    0.050
RADII_FACTOR                                      :    0.820
Current energy                                    :        1185.8662





Summary of the restraint violations: 

   NUM     ... number of restraints.
   NUMVI   ... number of restraints with RVIOL > VIOL_REPORT_CUT[i].
   RVIOL   ... relative difference from the best value.
   NUMVP   ... number of restraints with -Ln(pdf) > VIOL_REPORT_CUT2[i].
   RMS_1   ... RMS(feature, minimally_violated_basis_restraint, NUMB).
   RMS_2   ... RMS(feature, best_value, NUMB).
   MOL.PDF ... scaled contribution to -Ln(Molecular pdf).

 #                     RESTRAINT_GROUP      NUM   NUMVI  NUMVP   RMS_1   RMS_2         MOL.PDF     S_i
------------------------------------------------------------------------------------------------------
 1 Bond length potential              :    1580       0      0   0.004   0.004      9.1110       1.000
 2 Bond angle potential               :    2148       0      1   1.787   1.787      132.08       1.000
 3 Stereochemical cosine torsion poten:     998       0     46  52.004  52.004      437.21       1.000
 4 Stereochemical improper torsion pot:     654       0      0   1.067   1.067      16.798       1.000
 5 Soft-sphere overlap restraints     :    2969       0      0   0.001   0.001     0.50950       1.000
 6 Lennard-Jones 6-12 potential       :       0       0      0   0.000   0.000      0.0000       1.000
 7 Coulomb point-point electrostatic p:       0       0      0   0.000   0.000      0.0000       1.000
 8 H-bonding potential                :       0       0      0   0.000   0.000      0.0000       1.000
 9 Distance restraints 1 (CA-CA)      :    3074       0      0   0.116   0.116      46.384       1.000
10 Distance restraints 2 (N-O)        :    3339       1      4   0.182   0.182      93.861       1.000
11 Mainchain Phi dihedral restraints  :       0       0      0   0.000   0.000      0.0000       1.000
12 Mainchain Psi dihedral restraints  :       0       0      0   0.000   0.000      0.0000       1.000
13 Mainchain Omega dihedral restraints:     203       0      0   3.660   3.660      32.069       1.000
14 Sidechain Chi_1 dihedral restraints:     176       0      1  60.651  60.651      18.022       1.000
15 Sidechain Chi_2 dihedral restraints:     113       0      0  72.502  72.502      37.883       1.000
16 Sidechain Chi_3 dihedral restraints:      44       0      0  64.016  64.016      30.053       1.000
17 Sidechain Chi_4 dihedral restraints:      15       0      0  89.259  89.259      14.941       1.000
18 Disulfide distance restraints      :       0       0      0   0.000   0.000      0.0000       1.000
19 Disulfide angle restraints         :       0       0      0   0.000   0.000      0.0000       1.000
20 Disulfide dihedral angle restraints:       0       0      0   0.000   0.000      0.0000       1.000
21 Lower bound distance restraints    :       0       0      0   0.000   0.000      0.0000       1.000
22 Upper bound distance restraints    :       0       0      0   0.000   0.000      0.0000       1.000
23 Distance restraints 3 (SDCH-MNCH)  :    2999       0      0   0.455   0.455      111.83       1.000
24 Sidechain Chi_5 dihedral restraints:       0       0      0   0.000   0.000      0.0000       1.000
25 Phi/Psi pair of dihedral restraints:     202      22     14  25.688  60.392      68.379       1.000
26 Distance restraints 4 (SDCH-SDCH)  :    1488       0      0   0.820   0.820      136.75       1.000
27 Distance restraints 5 (X-Y)        :       0       0      0   0.000   0.000      0.0000       1.000
28 NMR distance restraints 6 (X-Y)    :       0       0      0   0.000   0.000      0.0000       1.000
29 NMR distance restraints 7 (X-Y)    :       0       0      0   0.000   0.000      0.0000       1.000
30 Minimal distance restraints        :       0       0      0   0.000   0.000      0.0000       1.000
31 Non-bonded restraints              :       0       0      0   0.000   0.000      0.0000       1.000
32 Atomic accessibility restraints    :       0       0      0   0.000   0.000      0.0000       1.000
33 Atomic density restraints          :       0       0      0   0.000   0.000      0.0000       1.000
34 Absolute position restraints       :       0       0      0   0.000   0.000      0.0000       1.000
35 Dihedral angle difference restraint:       0       0      0   0.000   0.000      0.0000       1.000
36 GBSA implicit solvent potential    :       0       0      0   0.000   0.000      0.0000       1.000
37 EM density fitting potential       :       0       0      0   0.000   0.000      0.0000       1.000
38 SAXS restraints                    :       0       0      0   0.000   0.000      0.0000       1.000
39 Symmetry restraints                :       0       0      0   0.000   0.000      0.0000       1.000



# Heavy relative violation of each residue is written to: querysequence.V99990005
# The profile is NOT normalized by the number of restraints.
# The profiles are smoothed over a window of residues:    1
# The sum of all numbers in the file:   19732.7598



List of the violated restraints:
   A restraint is violated when the relative difference
   from the best value (RVIOL) is larger than CUTOFF.

   ICSR   ... index of a restraint in the current set.
   RESNO  ... residue numbers of the first two atoms.
   ATM    ... IUPAC atom names of the first two atoms.
   FEAT   ... the value of the feature in the model.
   restr  ... the mean of the basis restraint with the smallest
              difference from the model (local minimum).
   viol   ... difference from the local minimum.
   rviol  ... relative difference from the local minimum.
   RESTR  ... the best value (global minimum).
   VIOL   ... difference from the best value.
   RVIOL  ... relative difference from the best value.


-------------------------------------------------------------------------------------------------

Feature 25                           : Phi/Psi pair of dihedral restraints     
List of the RVIOL violations larger than   :       6.5000

    #   ICSR  RESNO1/2 ATM1/2   INDATM1/2    FEAT   restr    viol   rviol   RESTR    VIOL   RVIOL
    1   5382   2D   3L C   N      15   17  -69.79  -70.70    3.78    0.32  -63.50  173.64   24.48
    1          3L   3L N   CA     17   18  145.27  141.60                  -41.20
    2   5383   3L   4S C   N      23   25  -84.68  -72.40   28.40    2.08  -64.10  163.11   10.76
    2          4S   4S N   CA     25   26  126.80  152.40                  -35.00
    3   5386   6T   7L C   N      47   49  -63.96  -70.70    6.99    0.57  -63.50  179.05   24.89
    3          7L   7L N   CA     49   50  139.75  141.60                  -41.20
    4   5387   7L   8S C   N      55   57  -78.06  -72.40    7.75    0.37  -64.10  167.89   13.05
    4          8S   8S N   CA     57   58  157.69  152.40                  -35.00
    5   5390  10V  11S C   N      75   77  -69.12  -72.40    7.07    0.33  -64.10  178.92   13.27
    5         11S  11S N   CA     77   78  146.15  152.40                  -35.00
    6   5391  11S  12A C   N      81   83 -151.35 -134.00   25.96    0.83  -62.50  176.75   33.70
    6         12A  12A N   CA     83   84  166.31  147.00                  -40.90
    7   5393  13I  14L C   N      94   96 -116.70 -108.50   42.66    2.38  -63.50  142.16   17.55
    7         14L  14L N   CA     96   97   90.63  132.50                  -41.20
    8   5394  14L  15A C   N     102  104  173.07 -134.00   54.56    1.37  -62.50 -158.19   39.58
    8         15A  15A N   CA    104  105  160.22  147.00                  -40.90
    9   5396  16I  17T C   N     115  117  -91.94  -78.10   19.28    0.71  -63.20  157.32   22.09
    9         17T  17T N   CA    117  118  163.22  149.80                  -42.10
   10   5397  17T  18A C   N     122  124  -81.03  -68.20   20.69    2.02  -62.50  170.97   27.17
   10         18A  18A N   CA    124  125  129.06  145.30                  -40.90
   11   5400  20I  21A C   N     142  144  -74.01  -68.20   13.94    0.93  -62.50  161.55   27.05
   11         21A  21A N   CA    144  145  157.97  145.30                  -40.90
   12   5402  22V  23F C   N     154  156 -146.40 -124.20   32.53    1.80  -63.20 -176.25   21.06
   12         23F  23F N   CA    156  157  119.53  143.30                  -44.30
   13   5406  26I  27F C   N     188  190  -22.63  -71.40   50.54    3.03  -63.20  176.49   27.23
   13         27F  27F N   CA    190  191  127.46  140.70                  -44.30
   14   5407  27F  28R C   N     199  201  -58.59  -72.10   13.54    1.05  -63.00  176.16   23.50
   14         28R  28R N   CA    201  202  142.79  141.90                  -41.10
   15   5408  28R  29Y C   N     210  212  -78.24  -98.40   23.27    1.54  -63.50  160.86   24.78
   15         29Y  29Y N   CA    212  213  116.79  128.40                  -43.40
   16   5409  29Y  30H C   N     222  224  172.63 -125.60  109.05    2.89  -63.20  152.79   26.14
   16         30H  30H N   CA    224  225 -131.33  138.80                  -42.30
   17   5410  30H  31N C   N     232  234 -121.39 -119.90    8.33    0.34  -63.20 -176.80   26.22
   17         31N  31N N   CA    234  235  145.19  137.00                  -41.10
   18   5506 126N 127N C   N     979  981 -100.49 -119.90   81.00    3.20  -63.20  106.22   11.66
   18        127N 127N N   CA    981  982   58.36  137.00                  -41.10
   19   5578 198Y 199S C   N    1510 1512  -77.40 -136.60   60.33    2.11  -64.10  175.07   11.96
   19        199S 199S N   CA   1512 1513  139.56  151.20                  -35.00
   20   5579 199S 200G C   N    1516 1518 -127.10 -167.20   44.59    0.68   78.70  159.00    6.91
   20        200G 200G N   CA   1518 1519  155.08  174.60                 -166.10
   21   5581 201T 202E C   N    1527 1529 -153.11 -117.80   58.40    2.04  -63.60  163.13   26.63
   21        202E 202E N   CA   1529 1530 -176.68  136.80                  -40.30
   22   5582 202E 203T C   N    1536 1538  -56.99  -78.10   23.71    1.10  -63.20  178.99   22.55
   22        203T 203T N   CA   1538 1539  139.02  149.80                  -42.10


report______> Distribution of short non-bonded contacts:


DISTANCE1:  0.00 2.10 2.20 2.30 2.40 2.50 2.60 2.70 2.80 2.90 3.00 3.10 3.20 3.30 3.40
DISTANCE2:  2.10 2.20 2.30 2.40 2.50 2.60 2.70 2.80 2.90 3.00 3.10 3.20 3.30 3.40 3.50
FREQUENCY:     0    0    0    0    0    7   12   54   95  110  126  167  153  208  233


<< end of ENERGY.

>> Summary of successfully produced models:
Filename                          molpdf     DOPE score    GA341 score
----------------------------------------------------------------------
querysequence.B99990001.pdb     1109.70740   -18186.38477        1.00000
querysequence.B99990002.pdb     1134.21301   -18430.92578        1.00000
querysequence.B99990003.pdb      995.79193   -18076.20117        1.00000
querysequence.B99990004.pdb     1127.16626   -17990.57422        1.00000
querysequence.B99990005.pdb     1185.86621   -18114.68164        1.00000

Total CPU time [seconds]                                 :      11.78
